{"/Users/mavrickduchamp/programming/chat-dualingo/lexeme-practice/src/App.tsx": {"path":"/Users/mavrickduchamp/programming/chat-dualingo/lexeme-practice/src/App.tsx","statementMap":{"0":{"start":{"line":1,"column":0},"end":{"line":1,"column":44}},"1":{"start":{"line":2,"column":0},"end":{"line":2,"column":45}},"2":{"start":{"line":3,"column":0},"end":{"line":3,"column":61}},"3":{"start":{"line":4,"column":0},"end":{"line":4,"column":63}},"4":{"start":{"line":5,"column":0},"end":{"line":5,"column":65}},"5":{"start":{"line":6,"column":0},"end":{"line":6,"column":65}},"6":{"start":{"line":7,"column":0},"end":{"line":7,"column":48}},"7":{"start":{"line":8,"column":0},"end":{"line":8,"column":76}},"8":{"start":{"line":9,"column":0},"end":{"line":9,"column":40}},"9":{"start":{"line":10,"column":0},"end":{"line":10,"column":61}},"10":{"start":{"line":11,"column":0},"end":{"line":11,"column":50}},"11":{"start":{"line":13,"column":0},"end":{"line":13,"column":50}},"12":{"start":{"line":14,"column":0},"end":{"line":14,"column":56}},"13":{"start":{"line":15,"column":0},"end":{"line":15,"column":null}},"14":{"start":{"line":21,"column":0},"end":{"line":21,"column":42}},"15":{"start":{"line":24,"column":19},"end":{"line":24,"column":21}},"16":{"start":{"line":25,"column":21},"end":{"line":25,"column":24}},"17":{"start":{"line":27,"column":19},"end":{"line":398,"column":1}},"18":{"start":{"line":28,"column":44},"end":{"line":28,"column":66}},"19":{"start":{"line":29,"column":38},"end":{"line":29,"column":70}},"20":{"start":{"line":30,"column":42},"end":{"line":30,"column":53}},"21":{"start":{"line":31,"column":46},"end":{"line":31,"column":57}},"22":{"start":{"line":32,"column":42},"end":{"line":32,"column":53}},"23":{"start":{"line":33,"column":42},"end":{"line":33,"column":84}},"24":{"start":{"line":34,"column":42},"end":{"line":34,"column":86}},"25":{"start":{"line":35,"column":36},"end":{"line":35,"column":50}},"26":{"start":{"line":36,"column":48},"end":{"line":36,"column":83}},"27":{"start":{"line":38,"column":68},"end":{"line":38,"column":81}},"28":{"start":{"line":41,"column":2},"end":{"line":55,"column":9}},"29":{"start":{"line":42,"column":24},"end":{"line":52,"column":6}},"30":{"start":{"line":42,"column":35},"end":{"line":52,"column":6}},"31":{"start":{"line":43,"column":31},"end":{"line":43,"column":73}},"32":{"start":{"line":43,"column":52},"end":{"line":43,"column":72}},"33":{"start":{"line":45,"column":6},"end":{"line":49,"column":7}},"34":{"start":{"line":46,"column":8},"end":{"line":46,"column":65}},"35":{"start":{"line":47,"column":8},"end":{"line":47,"column":55}},"36":{"start":{"line":48,"column":8},"end":{"line":48,"column":15}},"37":{"start":{"line":51,"column":6},"end":{"line":51,"column":34}},"38":{"start":{"line":54,"column":4},"end":{"line":54,"column":18}},"39":{"start":{"line":58,"column":20},"end":{"line":132,"column":4}},"40":{"start":{"line":58,"column":72},"end":{"line":132,"column":4}},"41":{"start":{"line":59,"column":17},"end":{"line":59,"column":43}},"42":{"start":{"line":60,"column":31},"end":{"line":60,"column":33}},"43":{"start":{"line":62,"column":4},"end":{"line":124,"column":5}},"44":{"start":{"line":64,"column":6},"end":{"line":64,"column":78}},"45":{"start":{"line":67,"column":6},"end":{"line":69,"column":7}},"46":{"start":{"line":68,"column":8},"end":{"line":68,"column":79}},"47":{"start":{"line":72,"column":6},"end":{"line":78,"column":7}},"48":{"start":{"line":73,"column":8},"end":{"line":77,"column":11}},"49":{"start":{"line":79,"column":11},"end":{"line":124,"column":5}},"50":{"start":{"line":81,"column":26},"end":{"line":81,"column":68}},"51":{"start":{"line":81,"column":60},"end":{"line":81,"column":67}},"52":{"start":{"line":83,"column":6},"end":{"line":83,"column":91}},"53":{"start":{"line":83,"column":45},"end":{"line":83,"column":68}},"54":{"start":{"line":86,"column":6},"end":{"line":89,"column":7}},"55":{"start":{"line":87,"column":32},"end":{"line":87,"column":84}},"56":{"start":{"line":88,"column":8},"end":{"line":88,"column":57}},"57":{"start":{"line":92,"column":6},"end":{"line":103,"column":7}},"58":{"start":{"line":93,"column":8},"end":{"line":97,"column":11}},"59":{"start":{"line":98,"column":13},"end":{"line":103,"column":7}},"60":{"start":{"line":99,"column":8},"end":{"line":102,"column":11}},"61":{"start":{"line":104,"column":11},"end":{"line":124,"column":5}},"62":{"start":{"line":106,"column":23},"end":{"line":106,"column":47}},"63":{"start":{"line":108,"column":6},"end":{"line":108,"column":88}},"64":{"start":{"line":108,"column":42},"end":{"line":108,"column":65}},"65":{"start":{"line":111,"column":6},"end":{"line":114,"column":7}},"66":{"start":{"line":112,"column":32},"end":{"line":112,"column":81}},"67":{"start":{"line":113,"column":8},"end":{"line":113,"column":57}},"68":{"start":{"line":117,"column":6},"end":{"line":123,"column":7}},"69":{"start":{"line":118,"column":8},"end":{"line":122,"column":11}},"70":{"start":{"line":127,"column":4},"end":{"line":127,"column":33}},"71":{"start":{"line":128,"column":4},"end":{"line":128,"column":24}},"72":{"start":{"line":131,"column":4},"end":{"line":131,"column":33}},"73":{"start":{"line":135,"column":2},"end":{"line":142,"column":21}},"74":{"start":{"line":137,"column":4},"end":{"line":137,"column":29}},"75":{"start":{"line":138,"column":4},"end":{"line":138,"column":23}},"76":{"start":{"line":141,"column":4},"end":{"line":141,"column":25}},"77":{"start":{"line":144,"column":21},"end":{"line":181,"column":4}},"78":{"start":{"line":144,"column":32},"end":{"line":181,"column":4}},"79":{"start":{"line":146,"column":24},"end":{"line":146,"column":56}},"80":{"start":{"line":147,"column":4},"end":{"line":159,"column":7}},"81":{"start":{"line":148,"column":22},"end":{"line":148,"column":35}},"82":{"start":{"line":149,"column":6},"end":{"line":149,"column":31}},"83":{"start":{"line":152,"column":6},"end":{"line":156,"column":7}},"84":{"start":{"line":153,"column":26},"end":{"line":153,"column":45}},"85":{"start":{"line":154,"column":25},"end":{"line":154,"column":72}},"86":{"start":{"line":155,"column":8},"end":{"line":155,"column":57}},"87":{"start":{"line":155,"column":35},"end":{"line":155,"column":55}},"88":{"start":{"line":158,"column":6},"end":{"line":158,"column":21}},"89":{"start":{"line":162,"column":4},"end":{"line":180,"column":5}},"90":{"start":{"line":163,"column":22},"end":{"line":163,"column":49}},"91":{"start":{"line":165,"column":6},"end":{"line":173,"column":7}},"92":{"start":{"line":167,"column":8},"end":{"line":171,"column":11}},"93":{"start":{"line":172,"column":8},"end":{"line":172,"column":15}},"94":{"start":{"line":176,"column":6},"end":{"line":176,"column":25}},"95":{"start":{"line":179,"column":6},"end":{"line":179,"column":40}},"96":{"start":{"line":183,"column":28},"end":{"line":210,"column":4}},"97":{"start":{"line":183,"column":39},"end":{"line":210,"column":4}},"98":{"start":{"line":184,"column":26},"end":{"line":184,"column":53}},"99":{"start":{"line":186,"column":4},"end":{"line":186,"column":42}},"100":{"start":{"line":187,"column":4},"end":{"line":187,"column":38}},"101":{"start":{"line":190,"column":45},"end":{"line":196,"column":6}},"102":{"start":{"line":199,"column":22},"end":{"line":199,"column":79}},"103":{"start":{"line":199,"column":43},"end":{"line":199,"column":78}},"104":{"start":{"line":201,"column":4},"end":{"line":203,"column":5}},"105":{"start":{"line":202,"column":6},"end":{"line":202,"column":63}},"106":{"start":{"line":206,"column":4},"end":{"line":206,"column":70}},"107":{"start":{"line":206,"column":33},"end":{"line":206,"column":68}},"108":{"start":{"line":209,"column":4},"end":{"line":209,"column":38}},"109":{"start":{"line":212,"column":30},"end":{"line":238,"column":4}},"110":{"start":{"line":212,"column":41},"end":{"line":238,"column":4}},"111":{"start":{"line":213,"column":26},"end":{"line":213,"column":53}},"112":{"start":{"line":215,"column":4},"end":{"line":215,"column":38}},"113":{"start":{"line":218,"column":45},"end":{"line":224,"column":6}},"114":{"start":{"line":227,"column":22},"end":{"line":227,"column":79}},"115":{"start":{"line":227,"column":43},"end":{"line":227,"column":78}},"116":{"start":{"line":229,"column":4},"end":{"line":231,"column":5}},"117":{"start":{"line":230,"column":6},"end":{"line":230,"column":63}},"118":{"start":{"line":234,"column":4},"end":{"line":234,"column":70}},"119":{"start":{"line":234,"column":33},"end":{"line":234,"column":68}},"120":{"start":{"line":237,"column":4},"end":{"line":237,"column":39}},"121":{"start":{"line":240,"column":22},"end":{"line":245,"column":3}},"122":{"start":{"line":241,"column":4},"end":{"line":241,"column":23}},"123":{"start":{"line":242,"column":4},"end":{"line":242,"column":25}},"124":{"start":{"line":243,"column":4},"end":{"line":243,"column":23}},"125":{"start":{"line":244,"column":4},"end":{"line":244,"column":27}},"126":{"start":{"line":247,"column":29},"end":{"line":267,"column":4}},"127":{"start":{"line":247,"column":40},"end":{"line":267,"column":4}},"128":{"start":{"line":249,"column":29},"end":{"line":249,"column":67}},"129":{"start":{"line":249,"column":50},"end":{"line":249,"column":66}},"130":{"start":{"line":251,"column":4},"end":{"line":255,"column":5}},"131":{"start":{"line":252,"column":6},"end":{"line":252,"column":71}},"132":{"start":{"line":253,"column":6},"end":{"line":253,"column":54}},"133":{"start":{"line":254,"column":6},"end":{"line":254,"column":13}},"134":{"start":{"line":258,"column":26},"end":{"line":258,"column":75}},"135":{"start":{"line":258,"column":47},"end":{"line":258,"column":74}},"136":{"start":{"line":260,"column":4},"end":{"line":263,"column":5}},"137":{"start":{"line":261,"column":6},"end":{"line":261,"column":70}},"138":{"start":{"line":265,"column":4},"end":{"line":265,"column":27}},"139":{"start":{"line":266,"column":4},"end":{"line":266,"column":46}},"140":{"start":{"line":269,"column":2},"end":{"line":271,"column":3}},"141":{"start":{"line":270,"column":4},"end":{"line":270,"column":93}},"142":{"start":{"line":273,"column":2},"end":{"line":290,"column":3}},"143":{"start":{"line":274,"column":4},"end":{"line":289,"column":6}},"144":{"start":{"line":292,"column":24},"end":{"line":292,"column":51}},"145":{"start":{"line":294,"column":2},"end":{"line":397,"column":4}},"146":{"start":{"line":315,"column":18},"end":{"line":315,"column":76}},"147":{"start":{"line":333,"column":18},"end":{"line":333,"column":76}},"148":{"start":{"line":400,"column":12},"end":{"line":406,"column":1}},"149":{"start":{"line":401,"column":2},"end":{"line":405,"column":4}},"150":{"start":{"line":408,"column":0},"end":{"line":408,"column":19}}},"fnMap":{"0":{"name":"(anonymous_8)","decl":{"start":{"line":27,"column":19},"end":{"line":27,"column":22}},"loc":{"start":{"line":27,"column":24},"end":{"line":398,"column":1}}},"1":{"name":"(anonymous_9)","decl":{"start":{"line":41,"column":12},"end":{"line":41,"column":15}},"loc":{"start":{"line":41,"column":17},"end":{"line":55,"column":3}}},"2":{"name":"(anonymous_10)","decl":{"start":{"line":42,"column":24},"end":{"line":42,"column":33}},"loc":{"start":{"line":42,"column":35},"end":{"line":52,"column":6}}},"3":{"name":"(anonymous_11)","decl":{"start":{"line":42,"column":35},"end":{"line":42,"column":null}},"loc":{"start":{"line":42,"column":35},"end":{"line":52,"column":5}}},"4":{"name":"(anonymous_12)","decl":{"start":{"line":43,"column":46},"end":{"line":43,"column":49}},"loc":{"start":{"line":43,"column":52},"end":{"line":43,"column":72}}},"5":{"name":"(anonymous_13)","decl":{"start":{"line":58,"column":20},"end":{"line":58,"column":27}},"loc":{"start":{"line":58,"column":72},"end":{"line":132,"column":4}}},"6":{"name":"(anonymous_14)","decl":{"start":{"line":58,"column":72},"end":{"line":58,"column":null}},"loc":{"start":{"line":58,"column":72},"end":{"line":132,"column":3}}},"7":{"name":"(anonymous_15)","decl":{"start":{"line":81,"column":53},"end":{"line":81,"column":54}},"loc":{"start":{"line":81,"column":60},"end":{"line":81,"column":67}}},"8":{"name":"(anonymous_16)","decl":{"start":{"line":83,"column":38},"end":{"line":83,"column":39}},"loc":{"start":{"line":83,"column":45},"end":{"line":83,"column":68}}},"9":{"name":"(anonymous_17)","decl":{"start":{"line":108,"column":35},"end":{"line":108,"column":36}},"loc":{"start":{"line":108,"column":42},"end":{"line":108,"column":65}}},"10":{"name":"(anonymous_18)","decl":{"start":{"line":135,"column":12},"end":{"line":135,"column":15}},"loc":{"start":{"line":135,"column":17},"end":{"line":142,"column":3}}},"11":{"name":"(anonymous_19)","decl":{"start":{"line":144,"column":21},"end":{"line":144,"column":30}},"loc":{"start":{"line":144,"column":32},"end":{"line":181,"column":4}}},"12":{"name":"(anonymous_20)","decl":{"start":{"line":144,"column":32},"end":{"line":144,"column":null}},"loc":{"start":{"line":144,"column":32},"end":{"line":181,"column":3}}},"13":{"name":"(anonymous_21)","decl":{"start":{"line":147,"column":18},"end":{"line":147,"column":19}},"loc":{"start":{"line":147,"column":27},"end":{"line":159,"column":5}}},"14":{"name":"(anonymous_22)","decl":{"start":{"line":155,"column":25},"end":{"line":155,"column":26}},"loc":{"start":{"line":155,"column":35},"end":{"line":155,"column":55}}},"15":{"name":"(anonymous_23)","decl":{"start":{"line":183,"column":28},"end":{"line":183,"column":37}},"loc":{"start":{"line":183,"column":39},"end":{"line":210,"column":4}}},"16":{"name":"(anonymous_24)","decl":{"start":{"line":183,"column":39},"end":{"line":183,"column":null}},"loc":{"start":{"line":183,"column":39},"end":{"line":210,"column":3}}},"17":{"name":"(anonymous_25)","decl":{"start":{"line":199,"column":37},"end":{"line":199,"column":40}},"loc":{"start":{"line":199,"column":43},"end":{"line":199,"column":78}}},"18":{"name":"(anonymous_26)","decl":{"start":{"line":206,"column":23},"end":{"line":206,"column":24}},"loc":{"start":{"line":206,"column":33},"end":{"line":206,"column":68}}},"19":{"name":"(anonymous_27)","decl":{"start":{"line":212,"column":30},"end":{"line":212,"column":39}},"loc":{"start":{"line":212,"column":41},"end":{"line":238,"column":4}}},"20":{"name":"(anonymous_28)","decl":{"start":{"line":212,"column":41},"end":{"line":212,"column":null}},"loc":{"start":{"line":212,"column":41},"end":{"line":238,"column":3}}},"21":{"name":"(anonymous_29)","decl":{"start":{"line":227,"column":37},"end":{"line":227,"column":40}},"loc":{"start":{"line":227,"column":43},"end":{"line":227,"column":78}}},"22":{"name":"(anonymous_30)","decl":{"start":{"line":234,"column":23},"end":{"line":234,"column":24}},"loc":{"start":{"line":234,"column":33},"end":{"line":234,"column":68}}},"23":{"name":"(anonymous_31)","decl":{"start":{"line":240,"column":22},"end":{"line":240,"column":25}},"loc":{"start":{"line":240,"column":27},"end":{"line":245,"column":3}}},"24":{"name":"(anonymous_32)","decl":{"start":{"line":247,"column":29},"end":{"line":247,"column":38}},"loc":{"start":{"line":247,"column":40},"end":{"line":267,"column":4}}},"25":{"name":"(anonymous_33)","decl":{"start":{"line":247,"column":40},"end":{"line":247,"column":null}},"loc":{"start":{"line":247,"column":40},"end":{"line":267,"column":3}}},"26":{"name":"(anonymous_34)","decl":{"start":{"line":249,"column":44},"end":{"line":249,"column":47}},"loc":{"start":{"line":249,"column":50},"end":{"line":249,"column":66}}},"27":{"name":"(anonymous_35)","decl":{"start":{"line":258,"column":41},"end":{"line":258,"column":44}},"loc":{"start":{"line":258,"column":47},"end":{"line":258,"column":74}}},"28":{"name":"(anonymous_36)","decl":{"start":{"line":314,"column":31},"end":{"line":314,"column":32}},"loc":{"start":{"line":315,"column":18},"end":{"line":315,"column":76}}},"29":{"name":"(anonymous_37)","decl":{"start":{"line":332,"column":31},"end":{"line":332,"column":32}},"loc":{"start":{"line":333,"column":18},"end":{"line":333,"column":76}}},"30":{"name":"(anonymous_38)","decl":{"start":{"line":400,"column":12},"end":{"line":400,"column":15}},"loc":{"start":{"line":400,"column":17},"end":{"line":406,"column":1}}}},"branchMap":{"0":{"loc":{"start":{"line":45,"column":6},"end":{"line":49,"column":7}},"type":"if","locations":[{"start":{"line":45,"column":6},"end":{"line":49,"column":7}},{"start":{},"end":{}}]},"1":{"loc":{"start":{"line":62,"column":4},"end":{"line":124,"column":5}},"type":"if","locations":[{"start":{"line":62,"column":4},"end":{"line":124,"column":5}},{"start":{"line":79,"column":11},"end":{"line":124,"column":5}}]},"2":{"loc":{"start":{"line":67,"column":6},"end":{"line":69,"column":7}},"type":"if","locations":[{"start":{"line":67,"column":6},"end":{"line":69,"column":7}},{"start":{},"end":{}}]},"3":{"loc":{"start":{"line":67,"column":10},"end":{"line":67,"column":56}},"type":"binary-expr","locations":[{"start":{"line":67,"column":10},"end":{"line":67,"column":33}},{"start":{"line":67,"column":37},"end":{"line":67,"column":56}}]},"4":{"loc":{"start":{"line":72,"column":6},"end":{"line":78,"column":7}},"type":"if","locations":[{"start":{"line":72,"column":6},"end":{"line":78,"column":7}},{"start":{},"end":{}}]},"5":{"loc":{"start":{"line":79,"column":11},"end":{"line":124,"column":5}},"type":"if","locations":[{"start":{"line":79,"column":11},"end":{"line":124,"column":5}},{"start":{"line":104,"column":11},"end":{"line":124,"column":5}}]},"6":{"loc":{"start":{"line":86,"column":6},"end":{"line":89,"column":7}},"type":"if","locations":[{"start":{"line":86,"column":6},"end":{"line":89,"column":7}},{"start":{},"end":{}}]},"7":{"loc":{"start":{"line":86,"column":10},"end":{"line":86,"column":63}},"type":"binary-expr","locations":[{"start":{"line":86,"column":10},"end":{"line":86,"column":40}},{"start":{"line":86,"column":44},"end":{"line":86,"column":63}}]},"8":{"loc":{"start":{"line":92,"column":6},"end":{"line":103,"column":7}},"type":"if","locations":[{"start":{"line":92,"column":6},"end":{"line":103,"column":7}},{"start":{"line":98,"column":13},"end":{"line":103,"column":7}}]},"9":{"loc":{"start":{"line":92,"column":10},"end":{"line":92,"column":61}},"type":"binary-expr","locations":[{"start":{"line":92,"column":10},"end":{"line":92,"column":33}},{"start":{"line":92,"column":37},"end":{"line":92,"column":61}}]},"10":{"loc":{"start":{"line":98,"column":13},"end":{"line":103,"column":7}},"type":"if","locations":[{"start":{"line":98,"column":13},"end":{"line":103,"column":7}},{"start":{},"end":{}}]},"11":{"loc":{"start":{"line":98,"column":17},"end":{"line":98,"column":63}},"type":"binary-expr","locations":[{"start":{"line":98,"column":17},"end":{"line":98,"column":40}},{"start":{"line":98,"column":44},"end":{"line":98,"column":63}}]},"12":{"loc":{"start":{"line":104,"column":11},"end":{"line":124,"column":5}},"type":"if","locations":[{"start":{"line":104,"column":11},"end":{"line":124,"column":5}},{"start":{},"end":{}}]},"13":{"loc":{"start":{"line":111,"column":6},"end":{"line":114,"column":7}},"type":"if","locations":[{"start":{"line":111,"column":6},"end":{"line":114,"column":7}},{"start":{},"end":{}}]},"14":{"loc":{"start":{"line":111,"column":10},"end":{"line":111,"column":63}},"type":"binary-expr","locations":[{"start":{"line":111,"column":10},"end":{"line":111,"column":40}},{"start":{"line":111,"column":44},"end":{"line":111,"column":63}}]},"15":{"loc":{"start":{"line":117,"column":6},"end":{"line":123,"column":7}},"type":"if","locations":[{"start":{"line":117,"column":6},"end":{"line":123,"column":7}},{"start":{},"end":{}}]},"16":{"loc":{"start":{"line":117,"column":10},"end":{"line":117,"column":71}},"type":"binary-expr","locations":[{"start":{"line":117,"column":10},"end":{"line":117,"column":33}},{"start":{"line":117,"column":37},"end":{"line":117,"column":71}}]},"17":{"loc":{"start":{"line":152,"column":6},"end":{"line":156,"column":7}},"type":"if","locations":[{"start":{"line":152,"column":6},"end":{"line":156,"column":7}},{"start":{},"end":{}}]},"18":{"loc":{"start":{"line":162,"column":4},"end":{"line":180,"column":5}},"type":"if","locations":[{"start":{"line":162,"column":4},"end":{"line":180,"column":5}},{"start":{"line":177,"column":11},"end":{"line":180,"column":5}}]},"19":{"loc":{"start":{"line":165,"column":6},"end":{"line":173,"column":7}},"type":"if","locations":[{"start":{"line":165,"column":6},"end":{"line":173,"column":7}},{"start":{},"end":{}}]},"20":{"loc":{"start":{"line":201,"column":4},"end":{"line":203,"column":5}},"type":"if","locations":[{"start":{"line":201,"column":4},"end":{"line":203,"column":5}},{"start":{},"end":{}}]},"21":{"loc":{"start":{"line":229,"column":4},"end":{"line":231,"column":5}},"type":"if","locations":[{"start":{"line":229,"column":4},"end":{"line":231,"column":5}},{"start":{},"end":{}}]},"22":{"loc":{"start":{"line":251,"column":4},"end":{"line":255,"column":5}},"type":"if","locations":[{"start":{"line":251,"column":4},"end":{"line":255,"column":5}},{"start":{},"end":{}}]},"23":{"loc":{"start":{"line":260,"column":4},"end":{"line":263,"column":5}},"type":"if","locations":[{"start":{"line":260,"column":4},"end":{"line":263,"column":5}},{"start":{},"end":{}}]},"24":{"loc":{"start":{"line":269,"column":2},"end":{"line":271,"column":3}},"type":"if","locations":[{"start":{"line":269,"column":2},"end":{"line":271,"column":3}},{"start":{},"end":{}}]},"25":{"loc":{"start":{"line":273,"column":2},"end":{"line":290,"column":3}},"type":"if","locations":[{"start":{"line":273,"column":2},"end":{"line":290,"column":3}},{"start":{},"end":{}}]},"26":{"loc":{"start":{"line":279,"column":13},"end":{"line":280,"column":86}},"type":"binary-expr","locations":[{"start":{"line":279,"column":13},"end":{"line":279,"column":37}},{"start":{"line":280,"column":14},"end":{"line":280,"column":86}}]},"27":{"loc":{"start":{"line":281,"column":13},"end":{"line":281,"column":90}},"type":"binary-expr","locations":[{"start":{"line":281,"column":13},"end":{"line":281,"column":35}},{"start":{"line":281,"column":39},"end":{"line":281,"column":90}}]},"28":{"loc":{"start":{"line":282,"column":13},"end":{"line":282,"column":80}},"type":"binary-expr","locations":[{"start":{"line":282,"column":13},"end":{"line":282,"column":35}},{"start":{"line":282,"column":39},"end":{"line":282,"column":80}}]},"29":{"loc":{"start":{"line":301,"column":20},"end":{"line":301,"column":80}},"type":"cond-expr","locations":[{"start":{"line":301,"column":39},"end":{"line":301,"column":76}},{"start":{"line":301,"column":79},"end":{"line":301,"column":80}}]},"30":{"loc":{"start":{"line":315,"column":18},"end":{"line":315,"column":76}},"type":"binary-expr","locations":[{"start":{"line":315,"column":18},"end":{"line":315,"column":23}},{"start":{"line":315,"column":27},"end":{"line":315,"column":76}}]},"31":{"loc":{"start":{"line":333,"column":18},"end":{"line":333,"column":76}},"type":"binary-expr","locations":[{"start":{"line":333,"column":18},"end":{"line":333,"column":23}},{"start":{"line":333,"column":27},"end":{"line":333,"column":76}}]},"32":{"loc":{"start":{"line":369,"column":15},"end":{"line":374,"column":null}},"type":"binary-expr","locations":[{"start":{"line":369,"column":15},"end":{"line":369,"column":31}},{"start":{"line":370,"column":16},"end":{"line":373,"column":null}}]},"33":{"loc":{"start":{"line":390,"column":18},"end":{"line":390,"column":78}},"type":"cond-expr","locations":[{"start":{"line":390,"column":37},"end":{"line":390,"column":74}},{"start":{"line":390,"column":77},"end":{"line":390,"column":78}}]}},"s":{"0":0,"1":0,"2":0,"3":0,"4":0,"5":0,"6":0,"7":0,"8":0,"9":0,"10":0,"11":0,"12":0,"13":0,"14":0,"15":0,"16":0,"17":0,"18":0,"19":0,"20":0,"21":0,"22":0,"23":0,"24":0,"25":0,"26":0,"27":0,"28":0,"29":0,"30":0,"31":0,"32":0,"33":0,"34":0,"35":0,"36":0,"37":0,"38":0,"39":0,"40":0,"41":0,"42":0,"43":0,"44":0,"45":0,"46":0,"47":0,"48":0,"49":0,"50":0,"51":0,"52":0,"53":0,"54":0,"55":0,"56":0,"57":0,"58":0,"59":0,"60":0,"61":0,"62":0,"63":0,"64":0,"65":0,"66":0,"67":0,"68":0,"69":0,"70":0,"71":0,"72":0,"73":0,"74":0,"75":0,"76":0,"77":0,"78":0,"79":0,"80":0,"81":0,"82":0,"83":0,"84":0,"85":0,"86":0,"87":0,"88":0,"89":0,"90":0,"91":0,"92":0,"93":0,"94":0,"95":0,"96":0,"97":0,"98":0,"99":0,"100":0,"101":0,"102":0,"103":0,"104":0,"105":0,"106":0,"107":0,"108":0,"109":0,"110":0,"111":0,"112":0,"113":0,"114":0,"115":0,"116":0,"117":0,"118":0,"119":0,"120":0,"121":0,"122":0,"123":0,"124":0,"125":0,"126":0,"127":0,"128":0,"129":0,"130":0,"131":0,"132":0,"133":0,"134":0,"135":0,"136":0,"137":0,"138":0,"139":0,"140":0,"141":0,"142":0,"143":0,"144":0,"145":0,"146":0,"147":0,"148":0,"149":0,"150":0},"f":{"0":0,"1":0,"2":0,"3":0,"4":0,"5":0,"6":0,"7":0,"8":0,"9":0,"10":0,"11":0,"12":0,"13":0,"14":0,"15":0,"16":0,"17":0,"18":0,"19":0,"20":0,"21":0,"22":0,"23":0,"24":0,"25":0,"26":0,"27":0,"28":0,"29":0,"30":0},"b":{"0":[0,0],"1":[0,0],"2":[0,0],"3":[0,0],"4":[0,0],"5":[0,0],"6":[0,0],"7":[0,0],"8":[0,0],"9":[0,0],"10":[0,0],"11":[0,0],"12":[0,0],"13":[0,0],"14":[0,0],"15":[0,0],"16":[0,0],"17":[0,0],"18":[0,0],"19":[0,0],"20":[0,0],"21":[0,0],"22":[0,0],"23":[0,0],"24":[0,0],"25":[0,0],"26":[0,0],"27":[0,0],"28":[0,0],"29":[0,0],"30":[0,0],"31":[0,0],"32":[0,0],"33":[0,0]}}
,"/Users/mavrickduchamp/programming/chat-dualingo/lexeme-practice/src/main.tsx": {"path":"/Users/mavrickduchamp/programming/chat-dualingo/lexeme-practice/src/main.tsx","statementMap":{"0":{"start":{"line":1,"column":0},"end":{"line":1,"column":35}},"1":{"start":{"line":2,"column":0},"end":{"line":2,"column":46}},"2":{"start":{"line":3,"column":0},"end":{"line":3,"column":21}},"3":{"start":{"line":4,"column":0},"end":{"line":4,"column":28}},"4":{"start":{"line":6,"column":0},"end":{"line":10,"column":2}}},"fnMap":{},"branchMap":{},"s":{"0":0,"1":0,"2":0,"3":0,"4":0},"f":{},"b":{}}
,"/Users/mavrickduchamp/programming/chat-dualingo/lexeme-practice/src/test-utils.tsx": {"path":"/Users/mavrickduchamp/programming/chat-dualingo/lexeme-practice/src/test-utils.tsx","statementMap":{"0":{"start":{"line":1,"column":0},"end":{"line":1,"column":68}},"1":{"start":{"line":2,"column":0},"end":{"line":2,"column":56}},"2":{"start":{"line":3,"column":0},"end":{"line":3,"column":49}},"3":{"start":{"line":5,"column":24},"end":{"line":7,"column":1}},"4":{"start":{"line":6,"column":2},"end":{"line":6,"column":51}},"5":{"start":{"line":9,"column":21},"end":{"line":10,"column":54}},"6":{"start":{"line":10,"column":2},"end":{"line":10,"column":54}},"7":{"start":{"line":13,"column":25},"end":{"line":13,"column":31}},"8":{"start":{"line":12,"column":0},"end":{"line":12,"column":39}}},"fnMap":{"0":{"name":"(anonymous_5)","decl":{"start":{"line":5,"column":24},"end":{"line":5,"column":25}},"loc":{"start":{"line":5,"column":72},"end":{"line":7,"column":1}}},"1":{"name":"(anonymous_6)","decl":{"start":{"line":9,"column":21},"end":{"line":9,"column":22}},"loc":{"start":{"line":10,"column":2},"end":{"line":10,"column":54}}}},"branchMap":{},"s":{"0":4,"1":4,"2":4,"3":4,"4":35,"5":4,"6":34,"7":4,"8":4},"f":{"0":35,"1":34},"b":{}}
,"/Users/mavrickduchamp/programming/chat-dualingo/lexeme-practice/src/components/DashboardSidebar.tsx": {"path":"/Users/mavrickduchamp/programming/chat-dualingo/lexeme-practice/src/components/DashboardSidebar.tsx","statementMap":{"0":{"start":{"line":1,"column":0},"end":{"line":1,"column":50}},"1":{"start":{"line":12,"column":32},"end":{"line":33,"column":1}},"2":{"start":{"line":19,"column":2},"end":{"line":32,"column":4}},"3":{"start":{"line":12,"column":13},"end":{"line":12,"column":32}}},"fnMap":{"0":{"name":"(anonymous_0)","decl":{"start":{"line":12,"column":32},"end":{"line":12,"column":33}},"loc":{"start":{"line":18,"column":28},"end":{"line":33,"column":1}}}},"branchMap":{"0":{"loc":{"start":{"line":16,"column":2},"end":{"line":16,"column":22}},"type":"default-arg","locations":[{"start":{"line":16,"column":21},"end":{"line":16,"column":22}}]},"1":{"loc":{"start":{"line":17,"column":2},"end":{"line":17,"column":22}},"type":"default-arg","locations":[{"start":{"line":17,"column":21},"end":{"line":17,"column":22}}]}},"s":{"0":0,"1":0,"2":0,"3":0},"f":{"0":0},"b":{"0":[0],"1":[0]}}
,"/Users/mavrickduchamp/programming/chat-dualingo/lexeme-practice/src/components/DashboardStats.tsx": {"path":"/Users/mavrickduchamp/programming/chat-dualingo/lexeme-practice/src/components/DashboardStats.tsx","statementMap":{"0":{"start":{"line":1,"column":0},"end":{"line":1,"column":44}},"1":{"start":{"line":2,"column":0},"end":{"line":2,"column":52}},"2":{"start":{"line":3,"column":0},"end":{"line":3,"column":68}},"3":{"start":{"line":14,"column":30},"end":{"line":116,"column":1}},"4":{"start":{"line":21,"column":21},"end":{"line":21,"column":38}},"5":{"start":{"line":22,"column":23},"end":{"line":22,"column":72}},"6":{"start":{"line":25,"column":17},"end":{"line":25,"column":18}},"7":{"start":{"line":26,"column":17},"end":{"line":26,"column":18}},"8":{"start":{"line":28,"column":2},"end":{"line":35,"column":5}},"9":{"start":{"line":29,"column":21},"end":{"line":29,"column":49}},"10":{"start":{"line":30,"column":4},"end":{"line":34,"column":5}},"11":{"start":{"line":31,"column":6},"end":{"line":31,"column":17}},"12":{"start":{"line":32,"column":11},"end":{"line":34,"column":5}},"13":{"start":{"line":33,"column":6},"end":{"line":33,"column":17}},"14":{"start":{"line":37,"column":20},"end":{"line":52,"column":4}},"15":{"start":{"line":54,"column":2},"end":{"line":115,"column":4}},"16":{"start":{"line":100,"column":23},"end":{"line":100,"column":32}},"17":{"start":{"line":101,"column":10},"end":{"line":111,"column":12}},"18":{"start":{"line":14,"column":13},"end":{"line":14,"column":30}}},"fnMap":{"0":{"name":"(anonymous_0)","decl":{"start":{"line":14,"column":30},"end":{"line":14,"column":31}},"loc":{"start":{"line":20,"column":26},"end":{"line":116,"column":1}}},"1":{"name":"(anonymous_1)","decl":{"start":{"line":28,"column":21},"end":{"line":28,"column":22}},"loc":{"start":{"line":28,"column":32},"end":{"line":35,"column":3}}},"2":{"name":"(anonymous_2)","decl":{"start":{"line":99,"column":23},"end":{"line":99,"column":24}},"loc":{"start":{"line":99,"column":32},"end":{"line":112,"column":9}}}},"branchMap":{"0":{"loc":{"start":{"line":17,"column":2},"end":{"line":17,"column":14}},"type":"default-arg","locations":[{"start":{"line":17,"column":13},"end":{"line":17,"column":14}}]},"1":{"loc":{"start":{"line":18,"column":2},"end":{"line":18,"column":22}},"type":"default-arg","locations":[{"start":{"line":18,"column":21},"end":{"line":18,"column":22}}]},"2":{"loc":{"start":{"line":19,"column":2},"end":{"line":19,"column":22}},"type":"default-arg","locations":[{"start":{"line":19,"column":21},"end":{"line":19,"column":22}}]},"3":{"loc":{"start":{"line":30,"column":4},"end":{"line":34,"column":5}},"type":"if","locations":[{"start":{"line":30,"column":4},"end":{"line":34,"column":5}},{"start":{"line":32,"column":11},"end":{"line":34,"column":5}}]},"4":{"loc":{"start":{"line":30,"column":8},"end":{"line":30,"column":33}},"type":"binary-expr","locations":[{"start":{"line":30,"column":8},"end":{"line":30,"column":17}},{"start":{"line":30,"column":21},"end":{"line":30,"column":33}}]},"5":{"loc":{"start":{"line":32,"column":11},"end":{"line":34,"column":5}},"type":"if","locations":[{"start":{"line":32,"column":11},"end":{"line":34,"column":5}},{"start":{},"end":{}}]},"6":{"loc":{"start":{"line":32,"column":15},"end":{"line":32,"column":33}},"type":"cond-expr","locations":[{"start":{"line":32,"column":23},"end":{"line":32,"column":25}},{"start":{"line":32,"column":15},"end":{"line":32,"column":33}}]},"7":{"loc":{"start":{"line":32,"column":15},"end":{"line":32,"column":25}},"type":"binary-expr","locations":[{"start":{"line":32,"column":15},"end":{"line":32,"column":25}},{"start":{"line":32,"column":15},"end":{"line":32,"column":25}}]},"8":{"loc":{"start":{"line":57,"column":7},"end":{"line":71,"column":null}},"type":"binary-expr","locations":[{"start":{"line":57,"column":7},"end":{"line":57,"column":27}},{"start":{"line":58,"column":8},"end":{"line":70,"column":null}}]},"9":{"loc":{"start":{"line":66,"column":11},"end":{"line":69,"column":null}},"type":"binary-expr","locations":[{"start":{"line":66,"column":11},"end":{"line":66,"column":31}},{"start":{"line":67,"column":12},"end":{"line":68,"column":null}}]},"10":{"loc":{"start":{"line":88,"column":11},"end":{"line":92,"column":null}},"type":"binary-expr","locations":[{"start":{"line":88,"column":11},"end":{"line":88,"column":23}},{"start":{"line":89,"column":12},"end":{"line":91,"column":null}}]}},"s":{"0":0,"1":0,"2":0,"3":0,"4":0,"5":0,"6":0,"7":0,"8":0,"9":0,"10":0,"11":0,"12":0,"13":0,"14":0,"15":0,"16":0,"17":0,"18":0},"f":{"0":0,"1":0,"2":0},"b":{"0":[0],"1":[0],"2":[0],"3":[0,0],"4":[0,0],"5":[0,0],"6":[0,0],"7":[0,0],"8":[0,0],"9":[0,0],"10":[0,0]}}
,"/Users/mavrickduchamp/programming/chat-dualingo/lexeme-practice/src/components/Layout.tsx": {"path":"/Users/mavrickduchamp/programming/chat-dualingo/lexeme-practice/src/components/Layout.tsx","statementMap":{"0":{"start":{"line":2,"column":0},"end":{"line":2,"column":44}},"1":{"start":{"line":3,"column":0},"end":{"line":3,"column":40}},"2":{"start":{"line":9,"column":22},"end":{"line":30,"column":1}},"3":{"start":{"line":10,"column":2},"end":{"line":29,"column":4}},"4":{"start":{"line":9,"column":13},"end":{"line":9,"column":22}}},"fnMap":{"0":{"name":"(anonymous_0)","decl":{"start":{"line":9,"column":22},"end":{"line":9,"column":23}},"loc":{"start":{"line":9,"column":52},"end":{"line":30,"column":1}}}},"branchMap":{},"s":{"0":1,"1":1,"2":1,"3":2,"4":1},"f":{"0":2},"b":{}}
,"/Users/mavrickduchamp/programming/chat-dualingo/lexeme-practice/src/components/MobileStatsSheet.tsx": {"path":"/Users/mavrickduchamp/programming/chat-dualingo/lexeme-practice/src/components/MobileStatsSheet.tsx","statementMap":{"0":{"start":{"line":1,"column":0},"end":{"line":1,"column":41}},"1":{"start":{"line":2,"column":0},"end":{"line":2,"column":48}},"2":{"start":{"line":3,"column":0},"end":{"line":3,"column":null}},"3":{"start":{"line":11,"column":0},"end":{"line":11,"column":50}},"4":{"start":{"line":22,"column":32},"end":{"line":58,"column":1}},"5":{"start":{"line":29,"column":2},"end":{"line":57,"column":4}},"6":{"start":{"line":22,"column":13},"end":{"line":22,"column":32}}},"fnMap":{"0":{"name":"(anonymous_0)","decl":{"start":{"line":22,"column":32},"end":{"line":22,"column":33}},"loc":{"start":{"line":28,"column":28},"end":{"line":58,"column":1}}}},"branchMap":{"0":{"loc":{"start":{"line":26,"column":2},"end":{"line":26,"column":22}},"type":"default-arg","locations":[{"start":{"line":26,"column":21},"end":{"line":26,"column":22}}]},"1":{"loc":{"start":{"line":27,"column":2},"end":{"line":27,"column":22}},"type":"default-arg","locations":[{"start":{"line":27,"column":21},"end":{"line":27,"column":22}}]}},"s":{"0":0,"1":0,"2":0,"3":0,"4":0,"5":0,"6":0},"f":{"0":0},"b":{"0":[0],"1":[0]}}
,"/Users/mavrickduchamp/programming/chat-dualingo/lexeme-practice/src/components/ModernWordCard.tsx": {"path":"/Users/mavrickduchamp/programming/chat-dualingo/lexeme-practice/src/components/ModernWordCard.tsx","statementMap":{"0":{"start":{"line":1,"column":0},"end":{"line":1,"column":65}},"1":{"start":{"line":2,"column":0},"end":{"line":2,"column":44}},"2":{"start":{"line":3,"column":0},"end":{"line":3,"column":48}},"3":{"start":{"line":4,"column":0},"end":{"line":4,"column":46}},"4":{"start":{"line":5,"column":0},"end":{"line":5,"column":46}},"5":{"start":{"line":6,"column":0},"end":{"line":6,"column":52}},"6":{"start":{"line":7,"column":0},"end":{"line":7,"column":null}},"7":{"start":{"line":17,"column":0},"end":{"line":17,"column":33}},"8":{"start":{"line":18,"column":0},"end":{"line":18,"column":46}},"9":{"start":{"line":19,"column":0},"end":{"line":19,"column":52}},"10":{"start":{"line":20,"column":0},"end":{"line":20,"column":42}},"11":{"start":{"line":35,"column":30},"end":{"line":464,"column":1}},"12":{"start":{"line":46,"column":38},"end":{"line":46,"column":68}},"13":{"start":{"line":47,"column":38},"end":{"line":47,"column":53}},"14":{"start":{"line":48,"column":38},"end":{"line":48,"column":50}},"15":{"start":{"line":49,"column":34},"end":{"line":49,"column":49}},"16":{"start":{"line":50,"column":19},"end":{"line":50,"column":49}},"17":{"start":{"line":52,"column":2},"end":{"line":57,"column":21}},"18":{"start":{"line":54,"column":4},"end":{"line":54,"column":40}},"19":{"start":{"line":55,"column":4},"end":{"line":55,"column":22}},"20":{"start":{"line":56,"column":4},"end":{"line":56,"column":23}},"21":{"start":{"line":60,"column":2},"end":{"line":60,"column":55}},"22":{"start":{"line":62,"column":24},"end":{"line":65,"column":25}},"23":{"start":{"line":63,"column":4},"end":{"line":63,"column":16}},"24":{"start":{"line":64,"column":4},"end":{"line":64,"column":13}},"25":{"start":{"line":67,"column":26},"end":{"line":72,"column":51}},"26":{"start":{"line":68,"column":4},"end":{"line":68,"column":18}},"27":{"start":{"line":69,"column":4},"end":{"line":71,"column":5}},"28":{"start":{"line":70,"column":6},"end":{"line":70,"column":15}},"29":{"start":{"line":80,"column":6},"end":{"line":82,"column":4}},"30":{"start":{"line":85,"column":26},"end":{"line":90,"column":38}},"31":{"start":{"line":86,"column":4},"end":{"line":88,"column":5}},"32":{"start":{"line":87,"column":6},"end":{"line":87,"column":17}},"33":{"start":{"line":89,"column":4},"end":{"line":89,"column":27}},"34":{"start":{"line":93,"column":2},"end":{"line":114,"column":84}},"35":{"start":{"line":94,"column":27},"end":{"line":110,"column":5}},"36":{"start":{"line":95,"column":6},"end":{"line":109,"column":7}},"37":{"start":{"line":96,"column":8},"end":{"line":103,"column":9}},"38":{"start":{"line":97,"column":10},"end":{"line":97,"column":29}},"39":{"start":{"line":98,"column":10},"end":{"line":98,"column":25}},"40":{"start":{"line":99,"column":15},"end":{"line":103,"column":9}},"41":{"start":{"line":100,"column":10},"end":{"line":100,"column":28}},"42":{"start":{"line":101,"column":15},"end":{"line":103,"column":9}},"43":{"start":{"line":102,"column":10},"end":{"line":102,"column":26}},"44":{"start":{"line":104,"column":13},"end":{"line":109,"column":7}},"45":{"start":{"line":105,"column":8},"end":{"line":108,"column":9}},"46":{"start":{"line":106,"column":10},"end":{"line":106,"column":29}},"47":{"start":{"line":107,"column":10},"end":{"line":107,"column":28}},"48":{"start":{"line":112,"column":4},"end":{"line":112,"column":55}},"49":{"start":{"line":113,"column":4},"end":{"line":113,"column":71}},"50":{"start":{"line":113,"column":17},"end":{"line":113,"column":70}},"51":{"start":{"line":116,"column":20},"end":{"line":119,"column":3}},"52":{"start":{"line":117,"column":18},"end":{"line":117,"column":44}},"53":{"start":{"line":118,"column":4},"end":{"line":118,"column":17}},"54":{"start":{"line":121,"column":23},"end":{"line":123,"column":3}},"55":{"start":{"line":122,"column":4},"end":{"line":122,"column":24}},"56":{"start":{"line":125,"column":30},"end":{"line":130,"column":3}},"57":{"start":{"line":126,"column":4},"end":{"line":129,"column":5}},"58":{"start":{"line":127,"column":6},"end":{"line":127,"column":26}},"59":{"start":{"line":128,"column":6},"end":{"line":128,"column":27}},"60":{"start":{"line":132,"column":26},"end":{"line":138,"column":3}},"61":{"start":{"line":133,"column":4},"end":{"line":137,"column":28}},"62":{"start":{"line":140,"column":22},"end":{"line":175,"column":3}},"63":{"start":{"line":141,"column":28},"end":{"line":141,"column":55}},"64":{"start":{"line":144,"column":20},"end":{"line":164,"column":6}},"65":{"start":{"line":145,"column":36},"end":{"line":145,"column":64}},"66":{"start":{"line":148,"column":6},"end":{"line":148,"column":65}},"67":{"start":{"line":148,"column":53},"end":{"line":148,"column":65}},"68":{"start":{"line":151,"column":23},"end":{"line":151,"column":79}},"69":{"start":{"line":152,"column":6},"end":{"line":152,"column":52}},"70":{"start":{"line":152,"column":40},"end":{"line":152,"column":52}},"71":{"start":{"line":155,"column":25},"end":{"line":155,"column":51}},"72":{"start":{"line":156,"column":31},"end":{"line":156,"column":50}},"73":{"start":{"line":159,"column":6},"end":{"line":161,"column":7}},"74":{"start":{"line":160,"column":8},"end":{"line":160,"column":73}},"75":{"start":{"line":160,"column":47},"end":{"line":160,"column":71}},"76":{"start":{"line":163,"column":6},"end":{"line":163,"column":19}},"77":{"start":{"line":166,"column":4},"end":{"line":174,"column":5}},"78":{"start":{"line":167,"column":6},"end":{"line":167,"column":22}},"79":{"start":{"line":169,"column":6},"end":{"line":169,"column":20}},"80":{"start":{"line":170,"column":6},"end":{"line":170,"column":26}},"81":{"start":{"line":171,"column":6},"end":{"line":173,"column":7}},"82":{"start":{"line":172,"column":8},"end":{"line":172,"column":17}},"83":{"start":{"line":177,"column":23},"end":{"line":182,"column":3}},"84":{"start":{"line":178,"column":4},"end":{"line":178,"column":23}},"85":{"start":{"line":179,"column":4},"end":{"line":181,"column":5}},"86":{"start":{"line":180,"column":6},"end":{"line":180,"column":20}},"87":{"start":{"line":184,"column":2},"end":{"line":463,"column":4}},"88":{"start":{"line":278,"column":22},"end":{"line":279,"column":null}},"89":{"start":{"line":331,"column":26},"end":{"line":331,"column":55}},"90":{"start":{"line":402,"column":26},"end":{"line":403,"column":null}},"91":{"start":{"line":35,"column":13},"end":{"line":35,"column":30}}},"fnMap":{"0":{"name":"(anonymous_0)","decl":{"start":{"line":35,"column":30},"end":{"line":35,"column":31}},"loc":{"start":{"line":45,"column":26},"end":{"line":464,"column":1}}},"1":{"name":"(anonymous_1)","decl":{"start":{"line":52,"column":12},"end":{"line":52,"column":15}},"loc":{"start":{"line":52,"column":17},"end":{"line":57,"column":3}}},"2":{"name":"(anonymous_2)","decl":{"start":{"line":62,"column":36},"end":{"line":62,"column":39}},"loc":{"start":{"line":62,"column":41},"end":{"line":65,"column":3}}},"3":{"name":"(anonymous_3)","decl":{"start":{"line":67,"column":38},"end":{"line":67,"column":41}},"loc":{"start":{"line":67,"column":43},"end":{"line":72,"column":3}}},"4":{"name":"(anonymous_4)","decl":{"start":{"line":85,"column":38},"end":{"line":85,"column":41}},"loc":{"start":{"line":85,"column":43},"end":{"line":90,"column":3}}},"5":{"name":"(anonymous_5)","decl":{"start":{"line":93,"column":12},"end":{"line":93,"column":15}},"loc":{"start":{"line":93,"column":17},"end":{"line":114,"column":3}}},"6":{"name":"(anonymous_6)","decl":{"start":{"line":94,"column":27},"end":{"line":94,"column":28}},"loc":{"start":{"line":94,"column":48},"end":{"line":110,"column":5}}},"7":{"name":"(anonymous_7)","decl":{"start":{"line":113,"column":11},"end":{"line":113,"column":14}},"loc":{"start":{"line":113,"column":17},"end":{"line":113,"column":70}}},"8":{"name":"(anonymous_8)","decl":{"start":{"line":116,"column":20},"end":{"line":116,"column":23}},"loc":{"start":{"line":116,"column":25},"end":{"line":119,"column":3}}},"9":{"name":"(anonymous_9)","decl":{"start":{"line":121,"column":23},"end":{"line":121,"column":26}},"loc":{"start":{"line":121,"column":28},"end":{"line":123,"column":3}}},"10":{"name":"(anonymous_10)","decl":{"start":{"line":125,"column":30},"end":{"line":125,"column":33}},"loc":{"start":{"line":125,"column":35},"end":{"line":130,"column":3}}},"11":{"name":"(anonymous_11)","decl":{"start":{"line":132,"column":26},"end":{"line":132,"column":27}},"loc":{"start":{"line":132,"column":51},"end":{"line":138,"column":3}}},"12":{"name":"(anonymous_12)","decl":{"start":{"line":140,"column":22},"end":{"line":140,"column":25}},"loc":{"start":{"line":140,"column":27},"end":{"line":175,"column":3}}},"13":{"name":"(anonymous_13)","decl":{"start":{"line":144,"column":45},"end":{"line":144,"column":46}},"loc":{"start":{"line":144,"column":61},"end":{"line":164,"column":5}}},"14":{"name":"(anonymous_14)","decl":{"start":{"line":160,"column":37},"end":{"line":160,"column":38}},"loc":{"start":{"line":160,"column":47},"end":{"line":160,"column":71}}},"15":{"name":"(anonymous_15)","decl":{"start":{"line":177,"column":23},"end":{"line":177,"column":24}},"loc":{"start":{"line":177,"column":46},"end":{"line":182,"column":3}}},"16":{"name":"(anonymous_16)","decl":{"start":{"line":277,"column":45},"end":{"line":277,"column":46}},"loc":{"start":{"line":278,"column":22},"end":{"line":279,"column":null}}},"17":{"name":"(anonymous_17)","decl":{"start":{"line":330,"column":34},"end":{"line":330,"column":35}},"loc":{"start":{"line":331,"column":26},"end":{"line":331,"column":55}}},"18":{"name":"(anonymous_18)","decl":{"start":{"line":401,"column":49},"end":{"line":401,"column":50}},"loc":{"start":{"line":402,"column":26},"end":{"line":403,"column":null}}}},"branchMap":{"0":{"loc":{"start":{"line":44,"column":2},"end":{"line":44,"column":31}},"type":"default-arg","locations":[{"start":{"line":44,"column":27},"end":{"line":44,"column":31}}]},"1":{"loc":{"start":{"line":69,"column":4},"end":{"line":71,"column":5}},"type":"if","locations":[{"start":{"line":69,"column":4},"end":{"line":71,"column":5}},{"start":{},"end":{}}]},"2":{"loc":{"start":{"line":86,"column":4},"end":{"line":88,"column":5}},"type":"if","locations":[{"start":{"line":86,"column":4},"end":{"line":88,"column":5}},{"start":{},"end":{}}]},"3":{"loc":{"start":{"line":86,"column":8},"end":{"line":86,"column":42}},"type":"binary-expr","locations":[{"start":{"line":86,"column":8},"end":{"line":86,"column":17}},{"start":{"line":86,"column":21},"end":{"line":86,"column":42}}]},"4":{"loc":{"start":{"line":95,"column":6},"end":{"line":109,"column":7}},"type":"if","locations":[{"start":{"line":95,"column":6},"end":{"line":109,"column":7}},{"start":{"line":104,"column":13},"end":{"line":109,"column":7}}]},"5":{"loc":{"start":{"line":96,"column":8},"end":{"line":103,"column":9}},"type":"if","locations":[{"start":{"line":96,"column":8},"end":{"line":103,"column":9}},{"start":{"line":99,"column":15},"end":{"line":103,"column":9}}]},"6":{"loc":{"start":{"line":96,"column":12},"end":{"line":96,"column":45}},"type":"binary-expr","locations":[{"start":{"line":96,"column":12},"end":{"line":96,"column":30}},{"start":{"line":96,"column":34},"end":{"line":96,"column":45}}]},"7":{"loc":{"start":{"line":99,"column":15},"end":{"line":103,"column":9}},"type":"if","locations":[{"start":{"line":99,"column":15},"end":{"line":103,"column":9}},{"start":{"line":101,"column":15},"end":{"line":103,"column":9}}]},"8":{"loc":{"start":{"line":99,"column":19},"end":{"line":99,"column":46}},"type":"binary-expr","locations":[{"start":{"line":99,"column":19},"end":{"line":99,"column":32}},{"start":{"line":99,"column":36},"end":{"line":99,"column":46}}]},"9":{"loc":{"start":{"line":101,"column":15},"end":{"line":103,"column":9}},"type":"if","locations":[{"start":{"line":101,"column":15},"end":{"line":103,"column":9}},{"start":{},"end":{}}]},"10":{"loc":{"start":{"line":101,"column":19},"end":{"line":101,"column":46}},"type":"binary-expr","locations":[{"start":{"line":101,"column":19},"end":{"line":101,"column":32}},{"start":{"line":101,"column":36},"end":{"line":101,"column":46}}]},"11":{"loc":{"start":{"line":104,"column":13},"end":{"line":109,"column":7}},"type":"if","locations":[{"start":{"line":104,"column":13},"end":{"line":109,"column":7}},{"start":{},"end":{}}]},"12":{"loc":{"start":{"line":105,"column":8},"end":{"line":108,"column":9}},"type":"if","locations":[{"start":{"line":105,"column":8},"end":{"line":108,"column":9}},{"start":{},"end":{}}]},"13":{"loc":{"start":{"line":105,"column":12},"end":{"line":105,"column":53}},"type":"binary-expr","locations":[{"start":{"line":105,"column":13},"end":{"line":105,"column":22}},{"start":{"line":105,"column":26},"end":{"line":105,"column":35}},{"start":{"line":105,"column":40},"end":{"line":105,"column":53}}]},"14":{"loc":{"start":{"line":126,"column":4},"end":{"line":129,"column":5}},"type":"if","locations":[{"start":{"line":126,"column":4},"end":{"line":129,"column":5}},{"start":{},"end":{}}]},"15":{"loc":{"start":{"line":148,"column":6},"end":{"line":148,"column":65}},"type":"if","locations":[{"start":{"line":148,"column":6},"end":{"line":148,"column":65}},{"start":{},"end":{}}]},"16":{"loc":{"start":{"line":152,"column":6},"end":{"line":152,"column":52}},"type":"if","locations":[{"start":{"line":152,"column":6},"end":{"line":152,"column":52}},{"start":{},"end":{}}]},"17":{"loc":{"start":{"line":159,"column":6},"end":{"line":161,"column":7}},"type":"if","locations":[{"start":{"line":159,"column":6},"end":{"line":161,"column":7}},{"start":{},"end":{}}]},"18":{"loc":{"start":{"line":159,"column":10},"end":{"line":159,"column":64}},"type":"binary-expr","locations":[{"start":{"line":159,"column":10},"end":{"line":159,"column":37}},{"start":{"line":159,"column":41},"end":{"line":159,"column":64}}]},"19":{"loc":{"start":{"line":166,"column":4},"end":{"line":174,"column":5}},"type":"if","locations":[{"start":{"line":166,"column":4},"end":{"line":174,"column":5}},{"start":{"line":168,"column":11},"end":{"line":174,"column":5}}]},"20":{"loc":{"start":{"line":171,"column":6},"end":{"line":173,"column":7}},"type":"if","locations":[{"start":{"line":171,"column":6},"end":{"line":173,"column":7}},{"start":{},"end":{}}]},"21":{"loc":{"start":{"line":179,"column":4},"end":{"line":181,"column":5}},"type":"if","locations":[{"start":{"line":179,"column":4},"end":{"line":181,"column":5}},{"start":{},"end":{}}]},"22":{"loc":{"start":{"line":209,"column":10},"end":{"line":209,"column":34}},"type":"binary-expr","locations":[{"start":{"line":209,"column":10},"end":{"line":209,"column":20}},{"start":{"line":209,"column":24},"end":{"line":209,"column":34}}]},"23":{"loc":{"start":{"line":223,"column":15},"end":{"line":227,"column":null}},"type":"binary-expr","locations":[{"start":{"line":223,"column":15},"end":{"line":223,"column":27}},{"start":{"line":223,"column":31},"end":{"line":223,"column":40}},{"start":{"line":224,"column":16},"end":{"line":225,"column":null}}]},"24":{"loc":{"start":{"line":231,"column":15},"end":{"line":235,"column":null}},"type":"binary-expr","locations":[{"start":{"line":231,"column":15},"end":{"line":231,"column":33}},{"start":{"line":232,"column":16},"end":{"line":233,"column":null}}]},"25":{"loc":{"start":{"line":231,"column":15},"end":{"line":231,"column":33}},"type":"cond-expr","locations":[{"start":{"line":231,"column":23},"end":{"line":231,"column":25}},{"start":{"line":231,"column":15},"end":{"line":231,"column":33}}]},"26":{"loc":{"start":{"line":231,"column":15},"end":{"line":231,"column":25}},"type":"binary-expr","locations":[{"start":{"line":231,"column":15},"end":{"line":231,"column":25}},{"start":{"line":231,"column":15},"end":{"line":231,"column":25}}]},"27":{"loc":{"start":{"line":253,"column":13},"end":{"line":254,"column":null}},"type":"binary-expr","locations":[{"start":{"line":253,"column":13},"end":{"line":253,"column":28}},{"start":{"line":254,"column":14},"end":{"line":254,"column":89}}]},"28":{"loc":{"start":{"line":262,"column":14},"end":{"line":262,"column":87}},"type":"binary-expr","locations":[{"start":{"line":262,"column":14},"end":{"line":262,"column":34}},{"start":{"line":262,"column":38},"end":{"line":262,"column":49}},{"start":{"line":262,"column":53},"end":{"line":262,"column":87}}]},"29":{"loc":{"start":{"line":265,"column":13},"end":{"line":428,"column":null}},"type":"cond-expr","locations":[{"start":{"line":267,"column":14},"end":{"line":315,"column":null}},{"start":{"line":319,"column":14},"end":{"line":427,"column":null}}]},"30":{"loc":{"start":{"line":267,"column":14},"end":{"line":315,"column":null}},"type":"cond-expr","locations":[{"start":{"line":268,"column":16},"end":{"line":272,"column":null}},{"start":{"line":275,"column":16},"end":{"line":314,"column":null}}]},"31":{"loc":{"start":{"line":288,"column":19},"end":{"line":292,"column":null}},"type":"binary-expr","locations":[{"start":{"line":288,"column":19},"end":{"line":288,"column":33}},{"start":{"line":289,"column":20},"end":{"line":291,"column":null}}]},"32":{"loc":{"start":{"line":320,"column":17},"end":{"line":426,"column":null}},"type":"cond-expr","locations":[{"start":{"line":321,"column":18},"end":{"line":391,"column":null}},{"start":{"line":395,"column":18},"end":{"line":425,"column":null}}]},"33":{"loc":{"start":{"line":350,"column":25},"end":{"line":353,"column":null}},"type":"cond-expr","locations":[{"start":{"line":351,"column":26},"end":{"line":351,"column":77}},{"start":{"line":353,"column":26},"end":{"line":353,"column":64}}]},"34":{"loc":{"start":{"line":355,"column":25},"end":{"line":355,"column":61}},"type":"cond-expr","locations":[{"start":{"line":355,"column":36},"end":{"line":355,"column":47}},{"start":{"line":355,"column":50},"end":{"line":355,"column":61}}]},"35":{"loc":{"start":{"line":359,"column":21},"end":{"line":390,"column":null}},"type":"binary-expr","locations":[{"start":{"line":359,"column":21},"end":{"line":359,"column":29}},{"start":{"line":360,"column":22},"end":{"line":389,"column":null}}]},"36":{"loc":{"start":{"line":366,"column":25},"end":{"line":370,"column":null}},"type":"binary-expr","locations":[{"start":{"line":366,"column":25},"end":{"line":366,"column":49}},{"start":{"line":367,"column":26},"end":{"line":369,"column":null}}]},"37":{"loc":{"start":{"line":372,"column":25},"end":{"line":383,"column":null}},"type":"binary-expr","locations":[{"start":{"line":372,"column":25},"end":{"line":372,"column":47}},{"start":{"line":372,"column":51},"end":{"line":372,"column":55}},{"start":{"line":373,"column":26},"end":{"line":382,"column":null}}]},"38":{"loc":{"start":{"line":379,"column":31},"end":{"line":380,"column":null}},"type":"binary-expr","locations":[{"start":{"line":379,"column":31},"end":{"line":379,"column":57}},{"start":{"line":380,"column":32},"end":{"line":380,"column":90}}]},"39":{"loc":{"start":{"line":385,"column":25},"end":{"line":388,"column":null}},"type":"binary-expr","locations":[{"start":{"line":385,"column":25},"end":{"line":385,"column":47}},{"start":{"line":386,"column":26},"end":{"line":387,"column":null}}]},"40":{"loc":{"start":{"line":387,"column":32},"end":{"line":387,"column":70}},"type":"binary-expr","locations":[{"start":{"line":387,"column":32},"end":{"line":387,"column":41}},{"start":{"line":387,"column":45},"end":{"line":387,"column":70}}]},"41":{"loc":{"start":{"line":413,"column":21},"end":{"line":417,"column":null}},"type":"binary-expr","locations":[{"start":{"line":413,"column":21},"end":{"line":413,"column":35}},{"start":{"line":414,"column":22},"end":{"line":416,"column":null}}]},"42":{"loc":{"start":{"line":421,"column":21},"end":{"line":424,"column":null}},"type":"binary-expr","locations":[{"start":{"line":421,"column":21},"end":{"line":421,"column":43}},{"start":{"line":422,"column":22},"end":{"line":422,"column":null}}]},"43":{"loc":{"start":{"line":449,"column":9},"end":{"line":459,"column":null}},"type":"cond-expr","locations":[{"start":{"line":450,"column":10},"end":{"line":453,"column":null}},{"start":{"line":456,"column":10},"end":{"line":458,"column":null}}]}},"s":{"0":0,"1":0,"2":0,"3":0,"4":0,"5":0,"6":0,"7":0,"8":0,"9":0,"10":0,"11":0,"12":0,"13":0,"14":0,"15":0,"16":0,"17":0,"18":0,"19":0,"20":0,"21":0,"22":0,"23":0,"24":0,"25":0,"26":0,"27":0,"28":0,"29":0,"30":0,"31":0,"32":0,"33":0,"34":0,"35":0,"36":0,"37":0,"38":0,"39":0,"40":0,"41":0,"42":0,"43":0,"44":0,"45":0,"46":0,"47":0,"48":0,"49":0,"50":0,"51":0,"52":0,"53":0,"54":0,"55":0,"56":0,"57":0,"58":0,"59":0,"60":0,"61":0,"62":0,"63":0,"64":0,"65":0,"66":0,"67":0,"68":0,"69":0,"70":0,"71":0,"72":0,"73":0,"74":0,"75":0,"76":0,"77":0,"78":0,"79":0,"80":0,"81":0,"82":0,"83":0,"84":0,"85":0,"86":0,"87":0,"88":0,"89":0,"90":0,"91":0},"f":{"0":0,"1":0,"2":0,"3":0,"4":0,"5":0,"6":0,"7":0,"8":0,"9":0,"10":0,"11":0,"12":0,"13":0,"14":0,"15":0,"16":0,"17":0,"18":0},"b":{"0":[0],"1":[0,0],"2":[0,0],"3":[0,0],"4":[0,0],"5":[0,0],"6":[0,0],"7":[0,0],"8":[0,0],"9":[0,0],"10":[0,0],"11":[0,0],"12":[0,0],"13":[0,0,0],"14":[0,0],"15":[0,0],"16":[0,0],"17":[0,0],"18":[0,0],"19":[0,0],"20":[0,0],"21":[0,0],"22":[0,0],"23":[0,0,0],"24":[0,0],"25":[0,0],"26":[0,0],"27":[0,0],"28":[0,0,0],"29":[0,0],"30":[0,0],"31":[0,0],"32":[0,0],"33":[0,0],"34":[0,0],"35":[0,0],"36":[0,0],"37":[0,0,0],"38":[0,0],"39":[0,0],"40":[0,0],"41":[0,0],"42":[0,0],"43":[0,0]}}
,"/Users/mavrickduchamp/programming/chat-dualingo/lexeme-practice/src/components/PracticeHistory.tsx": {"path":"/Users/mavrickduchamp/programming/chat-dualingo/lexeme-practice/src/components/PracticeHistory.tsx","statementMap":{"0":{"start":{"line":1,"column":0},"end":{"line":1,"column":33}},"1":{"start":{"line":2,"column":0},"end":{"line":2,"column":76}},"2":{"start":{"line":3,"column":0},"end":{"line":3,"column":48}},"3":{"start":{"line":4,"column":0},"end":{"line":4,"column":57}},"4":{"start":{"line":5,"column":0},"end":{"line":5,"column":33}},"5":{"start":{"line":7,"column":0},"end":{"line":7,"column":58}},"6":{"start":{"line":14,"column":31},"end":{"line":125,"column":1}},"7":{"start":{"line":15,"column":42},"end":{"line":15,"column":84}},"8":{"start":{"line":16,"column":34},"end":{"line":16,"column":49}},"9":{"start":{"line":18,"column":23},"end":{"line":18,"column":70}},"10":{"start":{"line":18,"column":48},"end":{"line":18,"column":62}},"11":{"start":{"line":19,"column":19},"end":{"line":19,"column":93}},"12":{"start":{"line":21,"column":2},"end":{"line":124,"column":4}},"13":{"start":{"line":65,"column":14},"end":{"line":66,"column":null}},"14":{"start":{"line":91,"column":22},"end":{"line":91,"column":44}},"15":{"start":{"line":92,"column":22},"end":{"line":92,"column":40}},"16":{"start":{"line":14,"column":13},"end":{"line":14,"column":31}}},"fnMap":{"0":{"name":"(anonymous_0)","decl":{"start":{"line":14,"column":31},"end":{"line":14,"column":32}},"loc":{"start":{"line":14,"column":78},"end":{"line":125,"column":1}}},"1":{"name":"(anonymous_1)","decl":{"start":{"line":18,"column":38},"end":{"line":18,"column":39}},"loc":{"start":{"line":18,"column":48},"end":{"line":18,"column":62}}},"2":{"name":"(anonymous_2)","decl":{"start":{"line":64,"column":25},"end":{"line":64,"column":26}},"loc":{"start":{"line":65,"column":14},"end":{"line":66,"column":null}}},"3":{"name":"(anonymous_3)","decl":{"start":{"line":90,"column":29},"end":{"line":90,"column":32}},"loc":{"start":{"line":90,"column":34},"end":{"line":93,"column":21}}}},"branchMap":{"0":{"loc":{"start":{"line":19,"column":19},"end":{"line":19,"column":93}},"type":"cond-expr","locations":[{"start":{"line":19,"column":40},"end":{"line":19,"column":89}},{"start":{"line":19,"column":92},"end":{"line":19,"column":93}}]},"1":{"loc":{"start":{"line":27,"column":11},"end":{"line":36,"column":null}},"type":"binary-expr","locations":[{"start":{"line":27,"column":11},"end":{"line":27,"column":29}},{"start":{"line":28,"column":12},"end":{"line":35,"column":null}}]},"2":{"loc":{"start":{"line":41,"column":9},"end":{"line":51,"column":null}},"type":"binary-expr","locations":[{"start":{"line":41,"column":9},"end":{"line":41,"column":27}},{"start":{"line":42,"column":10},"end":{"line":50,"column":null}}]},"3":{"loc":{"start":{"line":57,"column":9},"end":{"line":101,"column":null}},"type":"cond-expr","locations":[{"start":{"line":58,"column":10},"end":{"line":60,"column":null}},{"start":{"line":63,"column":10},"end":{"line":100,"column":null}}]},"4":{"loc":{"start":{"line":69,"column":18},"end":{"line":71,"column":87}},"type":"cond-expr","locations":[{"start":{"line":70,"column":22},"end":{"line":70,"column":95}},{"start":{"line":71,"column":22},"end":{"line":71,"column":87}}]},"5":{"loc":{"start":{"line":75,"column":19},"end":{"line":78,"column":null}},"type":"cond-expr","locations":[{"start":{"line":76,"column":20},"end":{"line":76,"column":107}},{"start":{"line":78,"column":20},"end":{"line":78,"column":98}}]},"6":{"loc":{"start":{"line":106,"column":7},"end":{"line":118,"column":null}},"type":"binary-expr","locations":[{"start":{"line":106,"column":7},"end":{"line":106,"column":25}},{"start":{"line":107,"column":8},"end":{"line":117,"column":null}}]}},"s":{"0":0,"1":0,"2":0,"3":0,"4":0,"5":0,"6":0,"7":0,"8":0,"9":0,"10":0,"11":0,"12":0,"13":0,"14":0,"15":0,"16":0},"f":{"0":0,"1":0,"2":0,"3":0},"b":{"0":[0,0],"1":[0,0],"2":[0,0],"3":[0,0],"4":[0,0],"5":[0,0],"6":[0,0]}}
,"/Users/mavrickduchamp/programming/chat-dualingo/lexeme-practice/src/components/ThemeToggle.tsx": {"path":"/Users/mavrickduchamp/programming/chat-dualingo/lexeme-practice/src/components/ThemeToggle.tsx","statementMap":{"0":{"start":{"line":1,"column":0},"end":{"line":1,"column":50}},"1":{"start":{"line":2,"column":0},"end":{"line":2,"column":48}},"2":{"start":{"line":3,"column":0},"end":{"line":3,"column":null}},"3":{"start":{"line":9,"column":0},"end":{"line":9,"column":51}},"4":{"start":{"line":11,"column":27},"end":{"line":38,"column":1}},"5":{"start":{"line":12,"column":30},"end":{"line":12,"column":40}},"6":{"start":{"line":14,"column":2},"end":{"line":37,"column":4}},"7":{"start":{"line":23,"column":41},"end":{"line":23,"column":58}},"8":{"start":{"line":27,"column":41},"end":{"line":27,"column":57}},"9":{"start":{"line":31,"column":41},"end":{"line":31,"column":59}},"10":{"start":{"line":11,"column":13},"end":{"line":11,"column":27}}},"fnMap":{"0":{"name":"(anonymous_0)","decl":{"start":{"line":11,"column":27},"end":{"line":11,"column":30}},"loc":{"start":{"line":11,"column":32},"end":{"line":38,"column":1}}},"1":{"name":"(anonymous_1)","decl":{"start":{"line":23,"column":35},"end":{"line":23,"column":38}},"loc":{"start":{"line":23,"column":41},"end":{"line":23,"column":58}}},"2":{"name":"(anonymous_2)","decl":{"start":{"line":27,"column":35},"end":{"line":27,"column":38}},"loc":{"start":{"line":27,"column":41},"end":{"line":27,"column":57}}},"3":{"name":"(anonymous_3)","decl":{"start":{"line":31,"column":35},"end":{"line":31,"column":38}},"loc":{"start":{"line":31,"column":41},"end":{"line":31,"column":59}}}},"branchMap":{"0":{"loc":{"start":{"line":18,"column":11},"end":{"line":18,"column":88}},"type":"cond-expr","locations":[{"start":{"line":18,"column":30},"end":{"line":18,"column":58}},{"start":{"line":18,"column":61},"end":{"line":18,"column":88}}]}},"s":{"0":1,"1":1,"2":1,"3":1,"4":1,"5":2,"6":2,"7":0,"8":0,"9":0,"10":1},"f":{"0":2,"1":0,"2":0,"3":0},"b":{"0":[0,2]}}
,"/Users/mavrickduchamp/programming/chat-dualingo/lexeme-practice/src/components/chat/ChatDrawer.tsx": {"path":"/Users/mavrickduchamp/programming/chat-dualingo/lexeme-practice/src/components/chat/ChatDrawer.tsx","statementMap":{"0":{"start":{"line":1,"column":0},"end":{"line":1,"column":59}},"1":{"start":{"line":2,"column":0},"end":{"line":2,"column":null}},"2":{"start":{"line":9,"column":0},"end":{"line":9,"column":57}},"3":{"start":{"line":10,"column":0},"end":{"line":10,"column":44}},"4":{"start":{"line":11,"column":0},"end":{"line":11,"column":40}},"5":{"start":{"line":12,"column":0},"end":{"line":12,"column":42}},"6":{"start":{"line":14,"column":0},"end":{"line":14,"column":39}},"7":{"start":{"line":22,"column":26},"end":{"line":109,"column":1}},"8":{"start":{"line":23,"column":24},"end":{"line":23,"column":52}},"9":{"start":{"line":24,"column":25},"end":{"line":24,"column":53}},"10":{"start":{"line":25,"column":19},"end":{"line":25,"column":54}},"11":{"start":{"line":27,"column":23},"end":{"line":33,"column":8}},"12":{"start":{"line":35,"column":65},"end":{"line":35,"column":96}},"13":{"start":{"line":38,"column":2},"end":{"line":44,"column":17}},"14":{"start":{"line":39,"column":4},"end":{"line":42,"column":5}},"15":{"start":{"line":41,"column":6},"end":{"line":41,"column":26}},"16":{"start":{"line":47,"column":2},"end":{"line":51,"column":17}},"17":{"start":{"line":48,"column":4},"end":{"line":50,"column":5}},"18":{"start":{"line":49,"column":6},"end":{"line":49,"column":82}},"19":{"start":{"line":53,"column":2},"end":{"line":53,"column":25}},"20":{"start":{"line":53,"column":13},"end":{"line":53,"column":25}},"21":{"start":{"line":55,"column":2},"end":{"line":108,"column":4}},"22":{"start":{"line":61,"column":10},"end":{"line":61,"column":29}},"23":{"start":{"line":62,"column":10},"end":{"line":62,"column":36}},"24":{"start":{"line":83,"column":42},"end":{"line":83,"column":72}},"25":{"start":{"line":22,"column":13},"end":{"line":22,"column":26}}},"fnMap":{"0":{"name":"(anonymous_0)","decl":{"start":{"line":22,"column":26},"end":{"line":22,"column":27}},"loc":{"start":{"line":22,"column":76},"end":{"line":109,"column":1}}},"1":{"name":"(anonymous_1)","decl":{"start":{"line":38,"column":12},"end":{"line":38,"column":15}},"loc":{"start":{"line":38,"column":17},"end":{"line":44,"column":3}}},"2":{"name":"(anonymous_2)","decl":{"start":{"line":47,"column":18},"end":{"line":47,"column":21}},"loc":{"start":{"line":47,"column":23},"end":{"line":51,"column":3}}},"3":{"name":"(anonymous_3)","decl":{"start":{"line":60,"column":25},"end":{"line":60,"column":26}},"loc":{"start":{"line":60,"column":31},"end":{"line":63,"column":9}}},"4":{"name":"(anonymous_4)","decl":{"start":{"line":83,"column":29},"end":{"line":83,"column":30}},"loc":{"start":{"line":83,"column":42},"end":{"line":83,"column":72}}}},"branchMap":{"0":{"loc":{"start":{"line":27,"column":23},"end":{"line":33,"column":8}},"type":"cond-expr","locations":[{"start":{"line":28,"column":6},"end":{"line":32,"column":133}},{"start":{"line":33,"column":6},"end":{"line":33,"column":8}}]},"1":{"loc":{"start":{"line":35,"column":87},"end":{"line":35,"column":95}},"type":"cond-expr","locations":[{"start":{"line":35,"column":91},"end":{"line":35,"column":93}},{"start":{"line":35,"column":87},"end":{"line":35,"column":95}}]},"2":{"loc":{"start":{"line":35,"column":87},"end":{"line":35,"column":93}},"type":"binary-expr","locations":[{"start":{"line":35,"column":87},"end":{"line":35,"column":93}},{"start":{"line":35,"column":87},"end":{"line":35,"column":93}}]},"3":{"loc":{"start":{"line":39,"column":4},"end":{"line":42,"column":5}},"type":"if","locations":[{"start":{"line":39,"column":4},"end":{"line":42,"column":5}},{"start":{},"end":{}}]},"4":{"loc":{"start":{"line":39,"column":8},"end":{"line":39,"column":42}},"type":"binary-expr","locations":[{"start":{"line":39,"column":8},"end":{"line":39,"column":12}},{"start":{"line":39,"column":16},"end":{"line":39,"column":28}},{"start":{"line":39,"column":32},"end":{"line":39,"column":42}}]},"5":{"loc":{"start":{"line":44,"column":6},"end":{"line":44,"column":14}},"type":"cond-expr","locations":[{"start":{"line":44,"column":10},"end":{"line":44,"column":12}},{"start":{"line":44,"column":6},"end":{"line":44,"column":14}}]},"6":{"loc":{"start":{"line":44,"column":6},"end":{"line":44,"column":12}},"type":"binary-expr","locations":[{"start":{"line":44,"column":6},"end":{"line":44,"column":12}},{"start":{"line":44,"column":6},"end":{"line":44,"column":12}}]},"7":{"loc":{"start":{"line":48,"column":4},"end":{"line":50,"column":5}},"type":"if","locations":[{"start":{"line":48,"column":4},"end":{"line":50,"column":5}},{"start":{},"end":{}}]},"8":{"loc":{"start":{"line":53,"column":2},"end":{"line":53,"column":25}},"type":"if","locations":[{"start":{"line":53,"column":2},"end":{"line":53,"column":25}},{"start":{},"end":{}}]},"9":{"loc":{"start":{"line":62,"column":10},"end":{"line":62,"column":35}},"type":"cond-expr","locations":[{"start":{"line":62,"column":26},"end":{"line":62,"column":28}},{"start":{"line":62,"column":26},"end":{"line":62,"column":35}}]},"10":{"loc":{"start":{"line":62,"column":10},"end":{"line":62,"column":28}},"type":"binary-expr","locations":[{"start":{"line":62,"column":10},"end":{"line":62,"column":28}},{"start":{"line":62,"column":26},"end":{"line":62,"column":28}}]},"11":{"loc":{"start":{"line":73,"column":15},"end":{"line":83,"column":null}},"type":"cond-expr","locations":[{"start":{"line":74,"column":16},"end":{"line":75,"column":null}},{"start":{"line":77,"column":18},"end":{"line":83,"column":null}}]},"12":{"loc":{"start":{"line":77,"column":18},"end":{"line":83,"column":null}},"type":"cond-expr","locations":[{"start":{"line":78,"column":16},"end":{"line":78,"column":null}},{"start":{"line":83,"column":16},"end":{"line":83,"column":93}}]},"13":{"loc":{"start":{"line":85,"column":15},"end":{"line":90,"column":null}},"type":"binary-expr","locations":[{"start":{"line":85,"column":15},"end":{"line":85,"column":24}},{"start":{"line":86,"column":16},"end":{"line":89,"column":null}}]}},"s":{"0":1,"1":1,"2":1,"3":1,"4":1,"5":1,"6":1,"7":1,"8":11,"9":11,"10":11,"11":11,"12":11,"13":11,"14":11,"15":9,"16":11,"17":10,"18":0,"19":11,"20":1,"21":10,"22":8,"23":8,"24":4,"25":1},"f":{"0":11,"1":11,"2":10,"3":8,"4":4},"b":{"0":[10,1],"1":[1,10],"2":[11,10],"3":[9,2],"4":[11,10,10],"5":[1,10],"6":[11,10],"7":[0,10],"8":[1,10],"9":[0,8],"10":[8,8],"11":[1,9],"12":[7,2],"13":[10,2]}}
,"/Users/mavrickduchamp/programming/chat-dualingo/lexeme-practice/src/components/chat/ChatInput.tsx": {"path":"/Users/mavrickduchamp/programming/chat-dualingo/lexeme-practice/src/components/chat/ChatInput.tsx","statementMap":{"0":{"start":{"line":1,"column":0},"end":{"line":1,"column":97}},"1":{"start":{"line":2,"column":0},"end":{"line":2,"column":48}},"2":{"start":{"line":3,"column":0},"end":{"line":3,"column":36}},"3":{"start":{"line":4,"column":0},"end":{"line":4,"column":33}},"4":{"start":{"line":5,"column":0},"end":{"line":5,"column":58}},"5":{"start":{"line":14,"column":13},"end":{"line":82,"column":2}},"6":{"start":{"line":16,"column":30},"end":{"line":16,"column":42}},"7":{"start":{"line":17,"column":55},"end":{"line":17,"column":72}},"8":{"start":{"line":20,"column":4},"end":{"line":26,"column":6}},"9":{"start":{"line":22,"column":13},"end":{"line":24,"column":8}},"10":{"start":{"line":29,"column":4},"end":{"line":33,"column":27}},"11":{"start":{"line":30,"column":6},"end":{"line":32,"column":7}},"12":{"start":{"line":31,"column":8},"end":{"line":31,"column":16}},"13":{"start":{"line":36,"column":4},"end":{"line":40,"column":47}},"14":{"start":{"line":37,"column":6},"end":{"line":39,"column":7}},"15":{"start":{"line":38,"column":8},"end":{"line":38,"column":24}},"16":{"start":{"line":42,"column":23},"end":{"line":49,"column":5}},"17":{"start":{"line":43,"column":6},"end":{"line":48,"column":7}},"18":{"start":{"line":44,"column":8},"end":{"line":44,"column":36}},"19":{"start":{"line":45,"column":8},"end":{"line":45,"column":21}},"20":{"start":{"line":47,"column":8},"end":{"line":47,"column":24}},"21":{"start":{"line":51,"column":26},"end":{"line":56,"column":5}},"22":{"start":{"line":52,"column":6},"end":{"line":55,"column":7}},"23":{"start":{"line":53,"column":8},"end":{"line":53,"column":27}},"24":{"start":{"line":54,"column":8},"end":{"line":54,"column":21}},"25":{"start":{"line":58,"column":4},"end":{"line":80,"column":6}},"26":{"start":{"line":63,"column":27},"end":{"line":63,"column":51}}},"fnMap":{"0":{"name":"(anonymous_0)","decl":{"start":{"line":15,"column":2},"end":{"line":15,"column":3}},"loc":{"start":{"line":15,"column":70},"end":{"line":81,"column":3}}},"1":{"name":"(anonymous_1)","decl":{"start":{"line":22,"column":6},"end":{"line":22,"column":9}},"loc":{"start":{"line":22,"column":13},"end":{"line":24,"column":8}}},"2":{"name":"(anonymous_2)","decl":{"start":{"line":29,"column":14},"end":{"line":29,"column":17}},"loc":{"start":{"line":29,"column":19},"end":{"line":33,"column":5}}},"3":{"name":"(anonymous_3)","decl":{"start":{"line":36,"column":14},"end":{"line":36,"column":17}},"loc":{"start":{"line":36,"column":19},"end":{"line":40,"column":5}}},"4":{"name":"(anonymous_4)","decl":{"start":{"line":42,"column":23},"end":{"line":42,"column":26}},"loc":{"start":{"line":42,"column":28},"end":{"line":49,"column":5}}},"5":{"name":"(anonymous_5)","decl":{"start":{"line":51,"column":26},"end":{"line":51,"column":27}},"loc":{"start":{"line":51,"column":68},"end":{"line":56,"column":5}}},"6":{"name":"(anonymous_6)","decl":{"start":{"line":63,"column":20},"end":{"line":63,"column":21}},"loc":{"start":{"line":63,"column":27},"end":{"line":63,"column":51}}}},"branchMap":{"0":{"loc":{"start":{"line":15,"column":43},"end":{"line":15,"column":59}},"type":"default-arg","locations":[{"start":{"line":15,"column":55},"end":{"line":15,"column":59}}]},"1":{"loc":{"start":{"line":30,"column":6},"end":{"line":32,"column":7}},"type":"if","locations":[{"start":{"line":30,"column":6},"end":{"line":32,"column":7}},{"start":{},"end":{}}]},"2":{"loc":{"start":{"line":37,"column":6},"end":{"line":39,"column":7}},"type":"if","locations":[{"start":{"line":37,"column":6},"end":{"line":39,"column":7}},{"start":{},"end":{}}]},"3":{"loc":{"start":{"line":37,"column":10},"end":{"line":37,"column":34}},"type":"binary-expr","locations":[{"start":{"line":37,"column":10},"end":{"line":37,"column":21}},{"start":{"line":37,"column":25},"end":{"line":37,"column":34}}]},"4":{"loc":{"start":{"line":43,"column":6},"end":{"line":48,"column":7}},"type":"if","locations":[{"start":{"line":43,"column":6},"end":{"line":48,"column":7}},{"start":{},"end":{}}]},"5":{"loc":{"start":{"line":43,"column":10},"end":{"line":43,"column":37}},"type":"binary-expr","locations":[{"start":{"line":43,"column":10},"end":{"line":43,"column":22}},{"start":{"line":43,"column":26},"end":{"line":43,"column":37}}]},"6":{"loc":{"start":{"line":52,"column":6},"end":{"line":55,"column":7}},"type":"if","locations":[{"start":{"line":52,"column":6},"end":{"line":55,"column":7}},{"start":{},"end":{}}]},"7":{"loc":{"start":{"line":52,"column":10},"end":{"line":52,"column":42}},"type":"binary-expr","locations":[{"start":{"line":52,"column":10},"end":{"line":52,"column":27}},{"start":{"line":52,"column":31},"end":{"line":52,"column":42}}]},"8":{"loc":{"start":{"line":72,"column":20},"end":{"line":72,"column":47}},"type":"binary-expr","locations":[{"start":{"line":72,"column":20},"end":{"line":72,"column":33}},{"start":{"line":72,"column":37},"end":{"line":72,"column":47}}]}},"s":{"0":2,"1":2,"2":2,"3":2,"4":2,"5":2,"6":65,"7":65,"8":65,"9":9,"10":65,"11":22,"12":13,"13":65,"14":22,"15":12,"16":65,"17":6,"18":5,"19":5,"20":5,"21":65,"22":43,"23":5,"24":5,"25":65,"26":37},"f":{"0":65,"1":9,"2":22,"3":22,"4":6,"5":43,"6":37},"b":{"0":[55],"1":[13,9],"2":[12,10],"3":[22,19],"4":[5,1],"5":[6,5],"6":[5,38],"7":[43,6],"8":[65,32]}}
,"/Users/mavrickduchamp/programming/chat-dualingo/lexeme-practice/src/components/chat/ChatMessage.tsx": {"path":"/Users/mavrickduchamp/programming/chat-dualingo/lexeme-practice/src/components/chat/ChatMessage.tsx","statementMap":{"0":{"start":{"line":2,"column":0},"end":{"line":2,"column":33}},"1":{"start":{"line":8,"column":27},"end":{"line":23,"column":1}},"2":{"start":{"line":9,"column":17},"end":{"line":9,"column":40}},"3":{"start":{"line":11,"column":2},"end":{"line":22,"column":4}},"4":{"start":{"line":8,"column":13},"end":{"line":8,"column":27}}},"fnMap":{"0":{"name":"(anonymous_0)","decl":{"start":{"line":8,"column":27},"end":{"line":8,"column":28}},"loc":{"start":{"line":8,"column":61},"end":{"line":23,"column":1}}}},"branchMap":{"0":{"loc":{"start":{"line":12,"column":38},"end":{"line":12,"column":78}},"type":"cond-expr","locations":[{"start":{"line":12,"column":47},"end":{"line":12,"column":60}},{"start":{"line":12,"column":63},"end":{"line":12,"column":78}}]},"1":{"loc":{"start":{"line":16,"column":10},"end":{"line":16,"column":68}},"type":"cond-expr","locations":[{"start":{"line":16,"column":19},"end":{"line":16,"column":55}},{"start":{"line":16,"column":58},"end":{"line":16,"column":68}}]}},"s":{"0":2,"1":2,"2":12,"3":12,"4":2},"f":{"0":12},"b":{"0":[7,5],"1":[7,5]}}
,"/Users/mavrickduchamp/programming/chat-dualingo/lexeme-practice/src/components/ui/badge.tsx": {"path":"/Users/mavrickduchamp/programming/chat-dualingo/lexeme-practice/src/components/ui/badge.tsx","statementMap":{"0":{"start":{"line":1,"column":0},"end":{"line":1,"column":31}},"1":{"start":{"line":2,"column":0},"end":{"line":2,"column":66}},"2":{"start":{"line":4,"column":0},"end":{"line":4,"column":33}},"3":{"start":{"line":6,"column":22},"end":{"line":22,"column":null}},"4":{"start":{"line":32,"column":16},"end":{"line":32,"column":29}},"5":{"start":{"line":28,"column":14},"end":{"line":30,"column":1}},"6":{"start":{"line":28,"column":35},"end":{"line":28,"column":40}},"7":{"start":{"line":28,"column":45},"end":{"line":28,"column":59}},"8":{"start":{"line":29,"column":2},"end":{"line":29,"column":82}},"9":{"start":{"line":32,"column":9},"end":{"line":32,"column":14}}},"fnMap":{"0":{"name":"(anonymous_10)","decl":{"start":{"line":28,"column":14},"end":{"line":28,"column":15}},"loc":{"start":{"line":28,"column":63},"end":{"line":30,"column":1}}}},"branchMap":{},"s":{"0":0,"1":0,"2":0,"3":0,"4":0,"5":0,"6":0,"7":0,"8":0,"9":0},"f":{"0":0},"b":{}}
,"/Users/mavrickduchamp/programming/chat-dualingo/lexeme-practice/src/components/ui/button.tsx": {"path":"/Users/mavrickduchamp/programming/chat-dualingo/lexeme-practice/src/components/ui/button.tsx","statementMap":{"0":{"start":{"line":1,"column":0},"end":{"line":1,"column":31}},"1":{"start":{"line":2,"column":0},"end":{"line":2,"column":44}},"2":{"start":{"line":3,"column":0},"end":{"line":3,"column":66}},"3":{"start":{"line":5,"column":0},"end":{"line":5,"column":33}},"4":{"start":{"line":7,"column":23},"end":{"line":32,"column":null}},"5":{"start":{"line":56,"column":17},"end":{"line":56,"column":31}},"6":{"start":{"line":35,"column":15},"end":{"line":54,"column":1}},"7":{"start":{"line":39,"column":17},"end":{"line":39,"column":null}},"8":{"start":{"line":40,"column":10},"end":{"line":41,"column":null}},"9":{"start":{"line":45,"column":15},"end":{"line":45,"column":40}},"10":{"start":{"line":47,"column":2},"end":{"line":53,"column":4}},"11":{"start":{"line":56,"column":9},"end":{"line":56,"column":15}}},"fnMap":{"0":{"name":"(anonymous_10)","decl":{"start":{"line":35,"column":15},"end":{"line":35,"column":16}},"loc":{"start":{"line":44,"column":7},"end":{"line":54,"column":1}}}},"branchMap":{"0":{"loc":{"start":{"line":39,"column":2},"end":{"line":39,"column":17}},"type":"default-arg","locations":[{"start":{"line":39,"column":12},"end":{"line":39,"column":17}}]},"1":{"loc":{"start":{"line":45,"column":15},"end":{"line":45,"column":40}},"type":"cond-expr","locations":[{"start":{"line":45,"column":25},"end":{"line":45,"column":29}},{"start":{"line":45,"column":32},"end":{"line":45,"column":40}}]}},"s":{"0":4,"1":4,"2":4,"3":4,"4":4,"5":4,"6":4,"7":72,"8":72,"9":72,"10":72,"11":4},"f":{"0":72},"b":{"0":[72],"1":[0,72]}}
[...]
,"/Users/mavrickduchamp/programming/chat-dualingo/lexeme-practice/src/lib/animations.ts": {"path":"/Users/mavrickduchamp/programming/chat-dualingo/lexeme-practice/src/lib/animations.ts","statementMap":{"0":{"start":{"line":1,"column":13},"end":{"line":34,"column":2}}},"fnMap":{},"branchMap":{},"s":{"0":0},"f":{},"b":{}}
,"/Users/mavrickduchamp/programming/chat-dualingo/lexeme-practice/src/lib/asyncUtils.ts": {"path":"/Users/mavrickduchamp/programming/chat-dualingo/lexeme-practice/src/lib/asyncUtils.ts","statementMap":{"0":{"start":{"line":1,"column":27},"end":{"line":28,"column":2}},"1":{"start":{"line":5,"column":16},"end":{"line":28,"column":2}},"2":{"start":{"line":6,"column":21},"end":{"line":6,"column":42}},"3":{"start":{"line":8,"column":20},"end":{"line":10,"column":15}},"4":{"start":{"line":9,"column":4},"end":{"line":9,"column":23}},"5":{"start":{"line":12,"column":2},"end":{"line":27,"column":3}},"6":{"start":{"line":14,"column":19},"end":{"line":21,"column":6}},"7":{"start":{"line":17,"column":8},"end":{"line":19,"column":11}},"8":{"start":{"line":18,"column":10},"end":{"line":18,"column":42}},"9":{"start":{"line":23,"column":4},"end":{"line":23,"column":18}},"10":{"start":{"line":26,"column":4},"end":{"line":26,"column":28}},"11":{"start":{"line":1,"column":13},"end":{"line":1,"column":27}}},"fnMap":{"0":{"name":"(anonymous_7)","decl":{"start":{"line":1,"column":27},"end":{"line":1,"column":null}},"loc":{"start":{"line":5,"column":16},"end":{"line":28,"column":2}}},"1":{"name":"(anonymous_8)","decl":{"start":{"line":5,"column":16},"end":{"line":5,"column":null}},"loc":{"start":{"line":4,"column":38},"end":{"line":28,"column":1}}},"2":{"name":"(anonymous_9)","decl":{"start":{"line":8,"column":31},"end":{"line":8,"column":34}},"loc":{"start":{"line":8,"column":36},"end":{"line":10,"column":3}}},"3":{"name":"(anonymous_10)","decl":{"start":{"line":16,"column":25},"end":{"line":16,"column":26}},"loc":{"start":{"line":16,"column":39},"end":{"line":20,"column":7}}},"4":{"name":"(anonymous_11)","decl":{"start":{"line":17,"column":52},"end":{"line":17,"column":55}},"loc":{"start":{"line":17,"column":57},"end":{"line":19,"column":9}}}},"branchMap":{"0":{"loc":{"start":{"line":4,"column":2},"end":{"line":4,"column":38}},"type":"default-arg","locations":[{"start":{"line":4,"column":17},"end":{"line":4,"column":38}}]}},"s":{"0":0,"1":0,"2":0,"3":0,"4":0,"5":0,"6":0,"7":0,"8":0,"9":0,"10":0,"11":0},"f":{"0":0,"1":0,"2":0,"3":0,"4":0},"b":{"0":[0]}}
,"/Users/mavrickduchamp/programming/chat-dualingo/lexeme-practice/src/lib/openai.ts": {"path":"/Users/mavrickduchamp/programming/chat-dualingo/lexeme-practice/src/lib/openai.ts","statementMap":{"0":{"start":{"line":2,"column":0},"end":{"line":2,"column":48}},"1":{"start":{"line":3,"column":0},"end":{"line":3,"column":44}},"2":{"start":{"line":4,"column":0},"end":{"line":4,"column":47}},"3":{"start":{"line":6,"column":23},"end":{"line":6,"column":58}},"4":{"start":{"line":18,"column":27},"end":{"line":53,"column":2}},"5":{"start":{"line":21,"column":21},"end":{"line":53,"column":2}},"6":{"start":{"line":22,"column":2},"end":{"line":24,"column":3}},"7":{"start":{"line":23,"column":4},"end":{"line":23,"column":53}},"8":{"start":{"line":26,"column":16},"end":{"line":26,"column":59}},"9":{"start":{"line":27,"column":21},"end":{"line":27,"column":72}},"10":{"start":{"line":28,"column":22},"end":{"line":28,"column":77}},"11":{"start":{"line":29,"column":18},"end":{"line":29,"column":65}},"12":{"start":{"line":31,"column":23},"end":{"line":50,"column":4}},"13":{"start":{"line":43,"column":29},"end":{"line":50,"column":4}},"14":{"start":{"line":44,"column":4},"end":{"line":47,"column":5}},"15":{"start":{"line":45,"column":20},"end":{"line":45,"column":41}},"16":{"start":{"line":46,"column":6},"end":{"line":46,"column":73}},"17":{"start":{"line":48,"column":17},"end":{"line":48,"column":38}},"18":{"start":{"line":49,"column":4},"end":{"line":49,"column":59}},"19":{"start":{"line":52,"column":2},"end":{"line":52,"column":74}},"20":{"start":{"line":58,"column":36},"end":{"line":64,"column":2}},"21":{"start":{"line":58,"column":76},"end":{"line":64,"column":2}},"22":{"start":{"line":59,"column":19},"end":{"line":62,"column":4}},"23":{"start":{"line":63,"column":2},"end":{"line":63,"column":76}},"24":{"start":{"line":58,"column":13},"end":{"line":58,"column":36}},"25":{"start":{"line":69,"column":30},"end":{"line":78,"column":2}},"26":{"start":{"line":72,"column":34},"end":{"line":78,"column":2}},"27":{"start":{"line":73,"column":18},"end":{"line":75,"column":null}},"28":{"start":{"line":74,"column":25},"end":{"line":74,"column":61}},"29":{"start":{"line":77,"column":2},"end":{"line":77,"column":21}},"30":{"start":{"line":69,"column":13},"end":{"line":69,"column":30}}},"fnMap":{"0":{"name":"(anonymous_7)","decl":{"start":{"line":18,"column":27},"end":{"line":18,"column":null}},"loc":{"start":{"line":21,"column":21},"end":{"line":53,"column":2}}},"1":{"name":"(anonymous_8)","decl":{"start":{"line":21,"column":21},"end":{"line":21,"column":null}},"loc":{"start":{"line":20,"column":33},"end":{"line":53,"column":1}}},"2":{"name":"(anonymous_9)","decl":{"start":{"line":43,"column":10},"end":{"line":43,"column":17}},"loc":{"start":{"line":43,"column":29},"end":{"line":50,"column":4}}},"3":{"name":"(anonymous_10)","decl":{"start":{"line":43,"column":29},"end":{"line":43,"column":null}},"loc":{"start":{"line":43,"column":29},"end":{"line":50,"column":3}}},"4":{"name":"(anonymous_11)","decl":{"start":{"line":58,"column":36},"end":{"line":58,"column":43}},"loc":{"start":{"line":58,"column":76},"end":{"line":64,"column":2}}},"5":{"name":"(anonymous_12)","decl":{"start":{"line":58,"column":76},"end":{"line":58,"column":null}},"loc":{"start":{"line":58,"column":76},"end":{"line":64,"column":1}}},"6":{"name":"(anonymous_13)","decl":{"start":{"line":69,"column":30},"end":{"line":69,"column":null}},"loc":{"start":{"line":72,"column":34},"end":{"line":78,"column":2}}},"7":{"name":"(anonymous_14)","decl":{"start":{"line":72,"column":34},"end":{"line":72,"column":null}},"loc":{"start":{"line":71,"column":42},"end":{"line":78,"column":1}}},"8":{"name":"(anonymous_15)","decl":{"start":{"line":74,"column":17},"end":{"line":74,"column":18}},"loc":{"start":{"line":74,"column":25},"end":{"line":74,"column":61}}}},"branchMap":{"0":{"loc":{"start":{"line":20,"column":2},"end":{"line":20,"column":33}},"type":"default-arg","locations":[{"start":{"line":20,"column":31},"end":{"line":20,"column":33}}]},"1":{"loc":{"start":{"line":22,"column":2},"end":{"line":24,"column":3}},"type":"if","locations":[{"start":{"line":22,"column":2},"end":{"line":24,"column":3}},{"start":{},"end":{}}]},"2":{"loc":{"start":{"line":26,"column":16},"end":{"line":26,"column":59}},"type":"cond-expr","locations":[{"start":{"line":26,"column":29},"end":{"line":26,"column":33}},{"start":{"line":26,"column":33},"end":{"line":26,"column":59}}]},"3":{"loc":{"start":{"line":26,"column":16},"end":{"line":26,"column":33}},"type":"binary-expr","locations":[{"start":{"line":26,"column":16},"end":{"line":26,"column":33}},{"start":{"line":26,"column":29},"end":{"line":26,"column":33}}]},"4":{"loc":{"start":{"line":27,"column":21},"end":{"line":27,"column":72}},"type":"cond-expr","locations":[{"start":{"line":27,"column":38},"end":{"line":27,"column":42}},{"start":{"line":27,"column":42},"end":{"line":27,"column":72}}]},"5":{"loc":{"start":{"line":27,"column":21},"end":{"line":27,"column":42}},"type":"binary-expr","locations":[{"start":{"line":27,"column":21},"end":{"line":27,"column":42}},{"start":{"line":27,"column":38},"end":{"line":27,"column":42}}]},"6":{"loc":{"start":{"line":28,"column":22},"end":{"line":28,"column":77}},"type":"cond-expr","locations":[{"start":{"line":28,"column":41},"end":{"line":28,"column":45}},{"start":{"line":28,"column":45},"end":{"line":28,"column":77}}]},"7":{"loc":{"start":{"line":28,"column":22},"end":{"line":28,"column":45}},"type":"binary-expr","locations":[{"start":{"line":28,"column":22},"end":{"line":28,"column":45}},{"start":{"line":28,"column":41},"end":{"line":28,"column":45}}]},"8":{"loc":{"start":{"line":29,"column":18},"end":{"line":29,"column":65}},"type":"cond-expr","locations":[{"start":{"line":29,"column":33},"end":{"line":29,"column":37}},{"start":{"line":29,"column":37},"end":{"line":29,"column":65}}]},"9":{"loc":{"start":{"line":29,"column":18},"end":{"line":29,"column":37}},"type":"binary-expr","locations":[{"start":{"line":29,"column":18},"end":{"line":29,"column":37}},{"start":{"line":29,"column":33},"end":{"line":29,"column":37}}]},"10":{"loc":{"start":{"line":44,"column":4},"end":{"line":47,"column":5}},"type":"if","locations":[{"start":{"line":44,"column":4},"end":{"line":47,"column":5}},{"start":{},"end":{}}]},"11":{"loc":{"start":{"line":49,"column":11},"end":{"line":49,"column":58}},"type":"binary-expr","locations":[{"start":{"line":49,"column":11},"end":{"line":49,"column":52}},{"start":{"line":49,"column":56},"end":{"line":49,"column":58}}]},"12":{"loc":{"start":{"line":49,"column":11},"end":{"line":49,"column":52}},"type":"cond-expr","locations":[{"start":{"line":49,"column":44},"end":{"line":49,"column":46}},{"start":{"line":49,"column":44},"end":{"line":49,"column":52}}]},"13":{"loc":{"start":{"line":49,"column":11},"end":{"line":49,"column":46}},"type":"binary-expr","locations":[{"start":{"line":49,"column":11},"end":{"line":49,"column":46}},{"start":{"line":49,"column":44},"end":{"line":49,"column":46}}]},"14":{"loc":{"start":{"line":49,"column":11},"end":{"line":49,"column":44}},"type":"cond-expr","locations":[{"start":{"line":49,"column":35},"end":{"line":49,"column":37}},{"start":{"line":49,"column":35},"end":{"line":49,"column":44}}]},"15":{"loc":{"start":{"line":49,"column":11},"end":{"line":49,"column":37}},"type":"binary-expr","locations":[{"start":{"line":49,"column":11},"end":{"line":49,"column":37}},{"start":{"line":49,"column":35},"end":{"line":49,"column":37}}]},"16":{"loc":{"start":{"line":49,"column":11},"end":{"line":49,"column":35}},"type":"cond-expr","locations":[{"start":{"line":49,"column":26},"end":{"line":49,"column":28}},{"start":{"line":49,"column":26},"end":{"line":49,"column":35}}]},"17":{"loc":{"start":{"line":49,"column":11},"end":{"line":49,"column":28}},"type":"binary-expr","locations":[{"start":{"line":49,"column":11},"end":{"line":49,"column":28}},{"start":{"line":49,"column":26},"end":{"line":49,"column":28}}]},"18":{"loc":{"start":{"line":71,"column":2},"end":{"line":71,"column":42}},"type":"default-arg","locations":[{"start":{"line":71,"column":40},"end":{"line":71,"column":42}}]}},"s":{"0":0,"1":0,"2":0,"3":0,"4":0,"5":0,"6":0,"7":0,"8":0,"9":0,"10":0,"11":0,"12":0,"13":0,"14":0,"15":0,"16":0,"17":0,"18":0,"19":0,"20":0,"21":0,"22":0,"23":0,"24":0,"25":0,"26":0,"27":0,"28":0,"29":0,"30":0},"f":{"0":0,"1":0,"2":0,"3":0,"4":0,"5":0,"6":0,"7":0,"8":0},"b":{"0":[0],"1":[0,0],"2":[0,0],"3":[0,0],"4":[0,0],"5":[0,0],"6":[0,0],"7":[0,0],"8":[0,0],"9":[0,0],"10":[0,0],"11":[0,0],"12":[0,0],"13":[0,0],"14":[0,0],"15":[0,0],"16":[0,0],"17":[0,0],"18":[0]}}
,"/Users/mavrickduchamp/programming/chat-dualingo/lexeme-practice/src/lib/scheduler.ts": {"path":"/Users/mavrickduchamp/programming/chat-dualingo/lexeme-practice/src/lib/scheduler.ts","statementMap":{"0":{"start":{"line":4,"column":27},"end":{"line":39,"column":1}},"1":{"start":{"line":6,"column":2},"end":{"line":8,"column":3}},"2":{"start":{"line":7,"column":4},"end":{"line":7,"column":35}},"3":{"start":{"line":10,"column":14},"end":{"line":10,"column":15}},"4":{"start":{"line":14,"column":19},"end":{"line":14,"column":90}},"5":{"start":{"line":15,"column":2},"end":{"line":15,"column":31}},"6":{"start":{"line":19,"column":2},"end":{"line":21,"column":47}},"7":{"start":{"line":19,"column":32},"end":{"line":19,"column":44}},"8":{"start":{"line":20,"column":7},"end":{"line":21,"column":47}},"9":{"start":{"line":20,"column":35},"end":{"line":20,"column":47}},"10":{"start":{"line":21,"column":7},"end":{"line":21,"column":47}},"11":{"start":{"line":21,"column":35},"end":{"line":21,"column":47}},"12":{"start":{"line":25,"column":14},"end":{"line":25,"column":24}},"13":{"start":{"line":26,"column":33},"end":{"line":26,"column":84}},"14":{"start":{"line":27,"column":2},"end":{"line":31,"column":3}},"15":{"start":{"line":28,"column":4},"end":{"line":28,"column":16}},"16":{"start":{"line":29,"column":9},"end":{"line":31,"column":3}},"17":{"start":{"line":30,"column":4},"end":{"line":30,"column":16}},"18":{"start":{"line":34,"column":2},"end":{"line":36,"column":3}},"19":{"start":{"line":35,"column":4},"end":{"line":35,"column":37}},"20":{"start":{"line":38,"column":2},"end":{"line":38,"column":28}},"21":{"start":{"line":4,"column":13},"end":{"line":4,"column":27}},"22":{"start":{"line":42,"column":33},"end":{"line":67,"column":1}},"23":{"start":{"line":49,"column":24},"end":{"line":55,"column":37}},"24":{"start":{"line":50,"column":24},"end":{"line":50,"column":52}},"25":{"start":{"line":51,"column":22},"end":{"line":54,"column":6}},"26":{"start":{"line":55,"column":22},"end":{"line":55,"column":36}},"27":{"start":{"line":58,"column":2},"end":{"line":63,"column":5}},"28":{"start":{"line":60,"column":19},"end":{"line":60,"column":56}},"29":{"start":{"line":61,"column":19},"end":{"line":61,"column":56}},"30":{"start":{"line":62,"column":4},"end":{"line":62,"column":27}},"31":{"start":{"line":66,"column":2},"end":{"line":66,"column":66}},"32":{"start":{"line":66,"column":53},"end":{"line":66,"column":64}},"33":{"start":{"line":42,"column":13},"end":{"line":42,"column":33}}},"fnMap":{"0":{"name":"(anonymous_0)","decl":{"start":{"line":4,"column":27},"end":{"line":4,"column":28}},"loc":{"start":{"line":4,"column":92},"end":{"line":39,"column":1}}},"1":{"name":"(anonymous_1)","decl":{"start":{"line":42,"column":33},"end":{"line":42,"column":null}},"loc":{"start":{"line":47,"column":14},"end":{"line":67,"column":1}}},"2":{"name":"(anonymous_2)","decl":{"start":{"line":50,"column":12},"end":{"line":50,"column":13}},"loc":{"start":{"line":50,"column":24},"end":{"line":50,"column":52}}},"3":{"name":"(anonymous_3)","decl":{"start":{"line":51,"column":9},"end":{"line":51,"column":10}},"loc":{"start":{"line":51,"column":22},"end":{"line":54,"column":6}}},"4":{"name":"(anonymous_4)","decl":{"start":{"line":55,"column":12},"end":{"line":55,"column":13}},"loc":{"start":{"line":55,"column":22},"end":{"line":55,"column":36}}},"5":{"name":"(anonymous_5)","decl":{"start":{"line":58,"column":21},"end":{"line":58,"column":22}},"loc":{"start":{"line":58,"column":30},"end":{"line":63,"column":3}}},"6":{"name":"(anonymous_6)","decl":{"start":{"line":66,"column":43},"end":{"line":66,"column":44}},"loc":{"start":{"line":66,"column":53},"end":{"line":66,"column":64}}}},"branchMap":{"0":{"loc":{"start":{"line":6,"column":2},"end":{"line":8,"column":3}},"type":"if","locations":[{"start":{"line":6,"column":2},"end":{"line":8,"column":3}},{"start":{},"end":{}}]},"1":{"loc":{"start":{"line":7,"column":11},"end":{"line":7,"column":34}},"type":"cond-expr","locations":[{"start":{"line":7,"column":26},"end":{"line":7,"column":29}},{"start":{"line":7,"column":32},"end":{"line":7,"column":34}}]},"2":{"loc":{"start":{"line":14,"column":19},"end":{"line":14,"column":90}},"type":"cond-expr","locations":[{"start":{"line":14,"column":44},"end":{"line":14,"column":86}},{"start":{"line":14,"column":89},"end":{"line":14,"column":90}}]},"3":{"loc":{"start":{"line":19,"column":2},"end":{"line":21,"column":47}},"type":"if","locations":[{"start":{"line":19,"column":2},"end":{"line":21,"column":47}},{"start":{"line":20,"column":7},"end":{"line":21,"column":47}}]},"4":{"loc":{"start":{"line":20,"column":7},"end":{"line":21,"column":47}},"type":"if","locations":[{"start":{"line":20,"column":7},"end":{"line":21,"column":47}},{"start":{"line":21,"column":7},"end":{"line":21,"column":47}}]},"5":{"loc":{"start":{"line":21,"column":7},"end":{"line":21,"column":47}},"type":"if","locations":[{"start":{"line":21,"column":7},"end":{"line":21,"column":47}},{"start":{},"end":{}}]},"6":{"loc":{"start":{"line":27,"column":2},"end":{"line":31,"column":3}},"type":"if","locations":[{"start":{"line":27,"column":2},"end":{"line":31,"column":3}},{"start":{"line":29,"column":9},"end":{"line":31,"column":3}}]},"7":{"loc":{"start":{"line":29,"column":9},"end":{"line":31,"column":3}},"type":"if","locations":[{"start":{"line":29,"column":9},"end":{"line":31,"column":3}},{"start":{},"end":{}}]},"8":{"loc":{"start":{"line":34,"column":2},"end":{"line":36,"column":3}},"type":"if","locations":[{"start":{"line":34,"column":2},"end":{"line":36,"column":3}},{"start":{},"end":{}}]},"9":{"loc":{"start":{"line":45,"column":2},"end":{"line":45,"column":20}},"type":"default-arg","locations":[{"start":{"line":45,"column":18},"end":{"line":45,"column":20}}]},"10":{"loc":{"start":{"line":46,"column":2},"end":{"line":46,"column":37}},"type":"default-arg","locations":[{"start":{"line":46,"column":28},"end":{"line":46,"column":37}}]}},"s":{"0":0,"1":0,"2":0,"3":0,"4":0,"5":0,"6":0,"7":0,"8":0,"9":0,"10":0,"11":0,"12":0,"13":0,"14":0,"15":0,"16":0,"17":0,"18":0,"19":0,"20":0,"21":0,"22":0,"23":0,"24":0,"25":0,"26":0,"27":0,"28":0,"29":0,"30":0,"31":0,"32":0,"33":0},"f":{"0":0,"1":0,"2":0,"3":0,"4":0,"5":0,"6":0},"b":{"0":[0,0],"1":[0,0],"2":[0,0],"3":[0,0],"4":[0,0],"5":[0,0],"6":[0,0],"7":[0,0],"8":[0,0],"9":[0],"10":[0]}}
,"/Users/mavrickduchamp/programming/chat-dualingo/lexeme-practice/src/lib/tryCatch.ts": {"path":"/Users/mavrickduchamp/programming/chat-dualingo/lexeme-practice/src/lib/tryCatch.ts","statementMap":{"0":{"start":{"line":6,"column":24},"end":{"line":15,"column":2}},"1":{"start":{"line":6,"column":92},"end":{"line":15,"column":2}},"2":{"start":{"line":7,"column":2},"end":{"line":14,"column":3}},"3":{"start":{"line":8,"column":17},"end":{"line":8,"column":27}},"4":{"start":{"line":9,"column":4},"end":{"line":9,"column":24}},"5":{"start":{"line":13,"column":4},"end":{"line":13,"column":30}},"6":{"start":{"line":6,"column":13},"end":{"line":6,"column":24}}},"fnMap":{"0":{"name":"(anonymous_7)","decl":{"start":{"line":6,"column":24},"end":{"line":6,"column":45}},"loc":{"start":{"line":6,"column":92},"end":{"line":15,"column":2}}},"1":{"name":"(anonymous_8)","decl":{"start":{"line":6,"column":92},"end":{"line":6,"column":null}},"loc":{"start":{"line":6,"column":92},"end":{"line":15,"column":1}}}},"branchMap":{},"s":{"0":1,"1":0,"2":0,"3":0,"4":0,"5":0,"6":1},"f":{"0":0,"1":0},"b":{}}
,"/Users/mavrickduchamp/programming/chat-dualingo/lexeme-practice/src/lib/utils.ts": {"path":"/Users/mavrickduchamp/programming/chat-dualingo/lexeme-practice/src/lib/utils.ts","statementMap":{"0":{"start":{"line":1,"column":0},"end":{"line":1,"column":45}},"1":{"start":{"line":2,"column":0},"end":{"line":2,"column":41}},"2":{"start":{"line":4,"column":18},"end":{"line":6,"column":1}},"3":{"start":{"line":5,"column":2},"end":{"line":5,"column":31}},"4":{"start":{"line":4,"column":13},"end":{"line":4,"column":18}}},"fnMap":{"0":{"name":"(anonymous_0)","decl":{"start":{"line":4,"column":18},"end":{"line":4,"column":19}},"loc":{"start":{"line":4,"column":46},"end":{"line":6,"column":1}}}},"branchMap":{},"s":{"0":5,"1":5,"2":5,"3":235,"4":5},"f":{"0":235},"b":{}}
}
