{"/Users/mavrickduchamp/programming/chat-dualingo/lexeme-practice/src/test-utils.tsx": {"path":"/Users/mavrickduchamp/programming/chat-dualingo/lexeme-practice/src/test-utils.tsx","statementMap":{"0":{"start":{"line":1,"column":0},"end":{"line":1,"column":63}},"1":{"start":{"line":2,"column":0},"end":{"line":2,"column":56}},"2":{"start":{"line":3,"column":0},"end":{"line":3,"column":44}},"3":{"start":{"line":5,"column":24},"end":{"line":11,"column":1}},"4":{"start":{"line":6,"column":2},"end":{"line":10,"column":4}},"5":{"start":{"line":13,"column":21},"end":{"line":16,"column":57}},"6":{"start":{"line":16,"column":5},"end":{"line":16,"column":57}},"7":{"start":{"line":19,"column":25},"end":{"line":19,"column":31}},"8":{"start":{"line":18,"column":0},"end":{"line":18,"column":39}}},"fnMap":{"0":{"name":"(anonymous_5)","decl":{"start":{"line":5,"column":24},"end":{"line":5,"column":25}},"loc":{"start":{"line":5,"column":72},"end":{"line":11,"column":1}}},"1":{"name":"(anonymous_6)","decl":{"start":{"line":13,"column":21},"end":{"line":13,"column":null}},"loc":{"start":{"line":16,"column":5},"end":{"line":16,"column":57}}}},"branchMap":{},"s":{"0":1,"1":1,"2":1,"3":1,"4":2,"5":1,"6":2,"7":1,"8":1},"f":{"0":2,"1":2},"b":{}}
,"/Users/mavrickduchamp/programming/chat-dualingo/lexeme-practice/src/components/Layout.tsx": {"path":"/Users/mavrickduchamp/programming/chat-dualingo/lexeme-practice/src/components/Layout.tsx","statementMap":{"0":{"start":{"line":2,"column":0},"end":{"line":2,"column":44}},"1":{"start":{"line":3,"column":0},"end":{"line":3,"column":40}},"2":{"start":{"line":9,"column":22},"end":{"line":30,"column":1}},"3":{"start":{"line":10,"column":2},"end":{"line":29,"column":4}},"4":{"start":{"line":9,"column":13},"end":{"line":9,"column":22}}},"fnMap":{"0":{"name":"(anonymous_0)","decl":{"start":{"line":9,"column":22},"end":{"line":9,"column":23}},"loc":{"start":{"line":9,"column":52},"end":{"line":30,"column":1}}}},"branchMap":{},"s":{"0":1,"1":1,"2":1,"3":2,"4":1},"f":{"0":2},"b":{}}
,"/Users/mavrickduchamp/programming/chat-dualingo/lexeme-practice/src/components/ThemeToggle.tsx": {"path":"/Users/mavrickduchamp/programming/chat-dualingo/lexeme-practice/src/components/ThemeToggle.tsx","statementMap":{"0":{"start":{"line":1,"column":0},"end":{"line":1,"column":50}},"1":{"start":{"line":2,"column":0},"end":{"line":2,"column":48}},"2":{"start":{"line":3,"column":0},"end":{"line":3,"column":null}},"3":{"start":{"line":9,"column":0},"end":{"line":9,"column":51}},"4":{"start":{"line":11,"column":27},"end":{"line":38,"column":1}},"5":{"start":{"line":12,"column":30},"end":{"line":12,"column":40}},"6":{"start":{"line":14,"column":2},"end":{"line":37,"column":4}},"7":{"start":{"line":23,"column":41},"end":{"line":23,"column":58}},"8":{"start":{"line":27,"column":41},"end":{"line":27,"column":57}},"9":{"start":{"line":31,"column":41},"end":{"line":31,"column":59}},"10":{"start":{"line":11,"column":13},"end":{"line":11,"column":27}}},"fnMap":{"0":{"name":"(anonymous_0)","decl":{"start":{"line":11,"column":27},"end":{"line":11,"column":30}},"loc":{"start":{"line":11,"column":32},"end":{"line":38,"column":1}}},"1":{"name":"(anonymous_1)","decl":{"start":{"line":23,"column":35},"end":{"line":23,"column":38}},"loc":{"start":{"line":23,"column":41},"end":{"line":23,"column":58}}},"2":{"name":"(anonymous_2)","decl":{"start":{"line":27,"column":35},"end":{"line":27,"column":38}},"loc":{"start":{"line":27,"column":41},"end":{"line":27,"column":57}}},"3":{"name":"(anonymous_3)","decl":{"start":{"line":31,"column":35},"end":{"line":31,"column":38}},"loc":{"start":{"line":31,"column":41},"end":{"line":31,"column":59}}}},"branchMap":{"0":{"loc":{"start":{"line":18,"column":11},"end":{"line":18,"column":88}},"type":"cond-expr","locations":[{"start":{"line":18,"column":30},"end":{"line":18,"column":58}},{"start":{"line":18,"column":61},"end":{"line":18,"column":88}}]}},"s":{"0":1,"1":1,"2":1,"3":1,"4":1,"5":2,"6":2,"7":0,"8":0,"9":0,"10":1},"f":{"0":2,"1":0,"2":0,"3":0},"b":{"0":[0,2]}}
,"/Users/mavrickduchamp/programming/chat-dualingo/lexeme-practice/src/components/ui/button.tsx": {"path":"/Users/mavrickduchamp/programming/chat-dualingo/lexeme-practice/src/components/ui/button.tsx","statementMap":{"0":{"start":{"line":1,"column":0},"end":{"line":1,"column":31}},"1":{"start":{"line":2,"column":0},"end":{"line":2,"column":44}},"2":{"start":{"line":3,"column":0},"end":{"line":3,"column":66}},"3":{"start":{"line":5,"column":0},"end":{"line":5,"column":33}},"4":{"start":{"line":7,"column":23},"end":{"line":32,"column":null}},"5":{"start":{"line":56,"column":17},"end":{"line":56,"column":31}},"6":{"start":{"line":35,"column":15},"end":{"line":54,"column":1}},"7":{"start":{"line":39,"column":17},"end":{"line":39,"column":null}},"8":{"start":{"line":40,"column":10},"end":{"line":41,"column":null}},"9":{"start":{"line":45,"column":15},"end":{"line":45,"column":40}},"10":{"start":{"line":47,"column":2},"end":{"line":53,"column":4}},"11":{"start":{"line":56,"column":9},"end":{"line":56,"column":15}}},"fnMap":{"0":{"name":"(anonymous_10)","decl":{"start":{"line":35,"column":15},"end":{"line":35,"column":16}},"loc":{"start":{"line":44,"column":7},"end":{"line":54,"column":1}}}},"branchMap":{"0":{"loc":{"start":{"line":39,"column":2},"end":{"line":39,"column":17}},"type":"default-arg","locations":[{"start":{"line":39,"column":12},"end":{"line":39,"column":17}}]},"1":{"loc":{"start":{"line":45,"column":15},"end":{"line":45,"column":40}},"type":"cond-expr","locations":[{"start":{"line":45,"column":25},"end":{"line":45,"column":29}},{"start":{"line":45,"column":32},"end":{"line":45,"column":40}}]}},"s":{"0":2,"1":2,"2":2,"3":2,"4":2,"5":2,"6":2,"7":7,"8":7,"9":7,"10":7,"11":2},"f":{"0":7},"b":{"0":[7],"1":[0,7]}}
,"/Users/mavrickduchamp/programming/chat-dualingo/lexeme-practice/src/components/ui/dropdown-menu.tsx": {"path":"/Users/mavrickduchamp/programming/chat-dualingo/lexeme-practice/src/components/ui/dropdown-menu.tsx","statementMap":{"0":{"start":{"line":1,"column":0},"end":{"line":1,"column":31}},"1":{"start":{"line":2,"column":0},"end":{"line":2,"column":71}},"2":{"start":{"line":3,"column":0},"end":{"line":3,"column":59}},"3":{"start":{"line":5,"column":0},"end":{"line":5,"column":33}},"4":{"start":{"line":7,"column":21},"end":{"line":7,"column":47}},"5":{"start":{"line":170,"column":2},"end":{"line":170,"column":14}},"6":{"start":{"line":9,"column":28},"end":{"line":9,"column":57}},"7":{"start":{"line":171,"column":2},"end":{"line":171,"column":21}},"8":{"start":{"line":11,"column":26},"end":{"line":11,"column":53}},"9":{"start":{"line":179,"column":2},"end":{"line":179,"column":19}},"10":{"start":{"line":13,"column":27},"end":{"line":13,"column":55}},"11":{"start":{"line":180,"column":2},"end":{"line":180,"column":20}},"12":{"start":{"line":15,"column":24},"end":{"line":15,"column":49}},"13":{"start":{"line":181,"column":2},"end":{"line":181,"column":17}},"14":{"start":{"line":17,"column":31},"end":{"line":17,"column":63}},"15":{"start":{"line":184,"column":2},"end":{"line":184,"column":24}},"16":{"start":{"line":19,"column":31},"end":{"line":37,"column":2}},"17":{"start":{"line":24,"column":31},"end":{"line":24,"column":36}},"18":{"start":{"line":24,"column":41},"end":{"line":24,"column":45}},"19":{"start":{"line":24,"column":53},"end":{"line":37,"column":2}},"20":{"start":{"line":183,"column":2},"end":{"line":183,"column":24}},"21":{"start":{"line":38,"column":0},"end":{"line":38,"column":82}},"22":{"start":{"line":40,"column":31},"end":{"line":52,"column":2}},"23":{"start":{"line":43,"column":14},"end":{"line":43,"column":19}},"24":{"start":{"line":43,"column":24},"end":{"line":43,"column":28}},"25":{"start":{"line":43,"column":36},"end":{"line":52,"column":2}},"26":{"start":{"line":182,"column":2},"end":{"line":182,"column":24}},"27":{"start":{"line":53,"column":0},"end":{"line":53,"column":82}},"28":{"start":{"line":55,"column":28},"end":{"line":70,"column":2}},"29":{"start":{"line":58,"column":30},"end":{"line":58,"column":35}},"30":{"start":{"line":58,"column":40},"end":{"line":58,"column":44}},"31":{"start":{"line":58,"column":52},"end":{"line":70,"column":2}},"32":{"start":{"line":172,"column":2},"end":{"line":172,"column":21}},"33":{"start":{"line":71,"column":0},"end":{"line":71,"column":76}},"34":{"start":{"line":73,"column":25},"end":{"line":88,"column":2}},"35":{"start":{"line":78,"column":21},"end":{"line":78,"column":26}},"36":{"start":{"line":78,"column":31},"end":{"line":78,"column":35}},"37":{"start":{"line":78,"column":43},"end":{"line":88,"column":2}},"38":{"start":{"line":173,"column":2},"end":{"line":173,"column":18}},"39":{"start":{"line":89,"column":0},"end":{"line":89,"column":70}},"40":{"start":{"line":91,"column":33},"end":{"line":111,"column":2}},"41":{"start":{"line":94,"column":33},"end":{"line":94,"column":38}},"42":{"start":{"line":94,"column":43},"end":{"line":94,"column":47}},"43":{"start":{"line":94,"column":55},"end":{"line":111,"column":2}},"44":{"start":{"line":174,"column":2},"end":{"line":174,"column":26}},"45":{"start":{"line":112,"column":0},"end":{"line":112,"column":86}},"46":{"start":{"line":114,"column":30},"end":{"line":133,"column":2}},"47":{"start":{"line":117,"column":24},"end":{"line":117,"column":29}},"48":{"start":{"line":117,"column":34},"end":{"line":117,"column":38}},"49":{"start":{"line":117,"column":46},"end":{"line":133,"column":2}},"50":{"start":{"line":175,"column":2},"end":{"line":175,"column":23}},"51":{"start":{"line":134,"column":0},"end":{"line":134,"column":80}},"52":{"start":{"line":136,"column":26},"end":{"line":147,"column":2}},"53":{"start":{"line":141,"column":21},"end":{"line":141,"column":26}},"54":{"start":{"line":141,"column":31},"end":{"line":141,"column":35}},"55":{"start":{"line":141,"column":43},"end":{"line":147,"column":2}},"56":{"start":{"line":176,"column":2},"end":{"line":176,"column":19}},"57":{"start":{"line":148,"column":0},"end":{"line":148,"column":72}},"58":{"start":{"line":150,"column":30},"end":{"line":159,"column":2}},"59":{"start":{"line":153,"column":14},"end":{"line":153,"column":19}},"60":{"start":{"line":153,"column":24},"end":{"line":153,"column":28}},"61":{"start":{"line":153,"column":36},"end":{"line":159,"column":2}},"62":{"start":{"line":177,"column":2},"end":{"line":177,"column":23}},"63":{"start":{"line":160,"column":0},"end":{"line":160,"column":80}},"64":{"start":{"line":162,"column":29},"end":{"line":166,"column":1}},"65":{"start":{"line":162,"column":41},"end":{"line":162,"column":46}},"66":{"start":{"line":162,"column":51},"end":{"line":162,"column":92}},"67":{"start":{"line":163,"column":2},"end":{"line":165,"column":4}},"68":{"start":{"line":178,"column":2},"end":{"line":178,"column":22}},"69":{"start":{"line":167,"column":0},"end":{"line":167,"column":58}}},"fnMap":{"0":{"name":"(anonymous_10)","decl":{"start":{"line":24,"column":2},"end":{"line":24,"column":3}},"loc":{"start":{"line":24,"column":52},"end":{"line":37,"column":2}}},"1":{"name":"(anonymous_11)","decl":{"start":{"line":43,"column":2},"end":{"line":43,"column":3}},"loc":{"start":{"line":43,"column":35},"end":{"line":52,"column":2}}},"2":{"name":"(anonymous_12)","decl":{"start":{"line":58,"column":2},"end":{"line":58,"column":3}},"loc":{"start":{"line":58,"column":51},"end":{"line":70,"column":2}}},"3":{"name":"(anonymous_13)","decl":{"start":{"line":78,"column":2},"end":{"line":78,"column":3}},"loc":{"start":{"line":78,"column":42},"end":{"line":88,"column":2}}},"4":{"name":"(anonymous_14)","decl":{"start":{"line":94,"column":2},"end":{"line":94,"column":3}},"loc":{"start":{"line":94,"column":54},"end":{"line":111,"column":2}}},"5":{"name":"(anonymous_15)","decl":{"start":{"line":117,"column":2},"end":{"line":117,"column":3}},"loc":{"start":{"line":117,"column":45},"end":{"line":133,"column":2}}},"6":{"name":"(anonymous_16)","decl":{"start":{"line":141,"column":2},"end":{"line":141,"column":3}},"loc":{"start":{"line":141,"column":42},"end":{"line":147,"column":2}}},"7":{"name":"(anonymous_17)","decl":{"start":{"line":153,"column":2},"end":{"line":153,"column":3}},"loc":{"start":{"line":153,"column":35},"end":{"line":159,"column":2}}},"8":{"name":"(anonymous_18)","decl":{"start":{"line":162,"column":29},"end":{"line":162,"column":30}},"loc":{"start":{"line":162,"column":96},"end":{"line":166,"column":1}}}},"branchMap":{"0":{"loc":{"start":{"line":29,"column":6},"end":{"line":29,"column":21}},"type":"binary-expr","locations":[{"start":{"line":29,"column":6},"end":{"line":29,"column":11}},{"start":{"line":29,"column":15},"end":{"line":29,"column":21}}]},"1":{"loc":{"start":{"line":58,"column":16},"end":{"line":58,"column":30}},"type":"default-arg","locations":[{"start":{"line":58,"column":29},"end":{"line":58,"column":30}}]},"2":{"loc":{"start":{"line":83,"column":6},"end":{"line":83,"column":21}},"type":"binary-expr","locations":[{"start":{"line":83,"column":6},"end":{"line":83,"column":11}},{"start":{"line":83,"column":15},"end":{"line":83,"column":21}}]},"3":{"loc":{"start":{"line":144,"column":55},"end":{"line":144,"column":70}},"type":"binary-expr","locations":[{"start":{"line":144,"column":55},"end":{"line":144,"column":60}},{"start":{"line":144,"column":64},"end":{"line":144,"column":70}}]}},"s":{"0":1,"1":1,"2":1,"3":1,"4":1,"5":1,"6":1,"7":1,"8":1,"9":1,"10":1,"11":1,"12":1,"13":1,"14":1,"15":1,"16":1,"17":0,"18":0,"19":0,"20":1,"21":1,"22":1,"23":0,"24":0,"25":0,"26":1,"27":1,"28":1,"29":2,"30":2,"31":2,"32":1,"33":1,"34":1,"35":0,"36":0,"37":0,"38":1,"39":1,"40":1,"41":0,"42":0,"43":0,"44":1,"45":1,"46":1,"47":0,"48":0,"49":0,"50":1,"51":1,"52":1,"53":0,"54":0,"55":0,"56":1,"57":1,"58":1,"59":0,"60":0,"61":0,"62":1,"63":1,"64":1,"65":0,"66":0,"67":0,"68":1,"69":1},"f":{"0":0,"1":0,"2":2,"3":0,"4":0,"5":0,"6":0,"7":0,"8":0},"b":{"0":[0,0],"1":[2],"2":[0,0],"3":[0,0]}}
,"/Users/mavrickduchamp/programming/chat-dualingo/lexeme-practice/src/contexts/ThemeContext.tsx": {"path":"/Users/mavrickduchamp/programming/chat-dualingo/lexeme-practice/src/contexts/ThemeContext.tsx","statementMap":{"0":{"start":{"line":1,"column":0},"end":{"line":1,"column":71}},"1":{"start":{"line":11,"column":21},"end":{"line":11,"column":75}},"2":{"start":{"line":13,"column":29},"end":{"line":55,"column":1}},"3":{"start":{"line":14,"column":28},"end":{"line":17,"column":4}},"4":{"start":{"line":15,"column":18},"end":{"line":15,"column":56}},"5":{"start":{"line":16,"column":4},"end":{"line":16,"column":29}},"6":{"start":{"line":19,"column":44},"end":{"line":19,"column":79}},"7":{"start":{"line":21,"column":2},"end":{"line":48,"column":14}},"8":{"start":{"line":22,"column":17},"end":{"line":22,"column":48}},"9":{"start":{"line":24,"column":23},"end":{"line":37,"column":5}},"10":{"start":{"line":25,"column":6},"end":{"line":36,"column":7}},"11":{"start":{"line":26,"column":28},"end":{"line":28,"column":19}},"12":{"start":{"line":29,"column":8},"end":{"line":29,"column":47}},"13":{"start":{"line":30,"column":8},"end":{"line":30,"column":40}},"14":{"start":{"line":31,"column":8},"end":{"line":31,"column":38}},"15":{"start":{"line":33,"column":8},"end":{"line":33,"column":47}},"16":{"start":{"line":34,"column":8},"end":{"line":34,"column":34}},"17":{"start":{"line":35,"column":8},"end":{"line":35,"column":32}},"18":{"start":{"line":39,"column":4},"end":{"line":39,"column":17}},"19":{"start":{"line":40,"column":4},"end":{"line":40,"column":41}},"20":{"start":{"line":42,"column":4},"end":{"line":47,"column":5}},"21":{"start":{"line":43,"column":25},"end":{"line":43,"column":74}},"22":{"start":{"line":44,"column":22},"end":{"line":44,"column":40}},"23":{"start":{"line":44,"column":28},"end":{"line":44,"column":40}},"24":{"start":{"line":45,"column":6},"end":{"line":45,"column":53}},"25":{"start":{"line":46,"column":6},"end":{"line":46,"column":69}},"26":{"start":{"line":46,"column":19},"end":{"line":46,"column":68}},"27":{"start":{"line":50,"column":2},"end":{"line":54,"column":4}},"28":{"start":{"line":13,"column":13},"end":{"line":13,"column":29}},"29":{"start":{"line":57,"column":24},"end":{"line":63,"column":1}},"30":{"start":{"line":58,"column":18},"end":{"line":58,"column":42}},"31":{"start":{"line":59,"column":2},"end":{"line":61,"column":3}},"32":{"start":{"line":60,"column":4},"end":{"line":60,"column":68}},"33":{"start":{"line":62,"column":2},"end":{"line":62,"column":17}},"34":{"start":{"line":57,"column":13},"end":{"line":57,"column":24}}},"fnMap":{"0":{"name":"(anonymous_0)","decl":{"start":{"line":13,"column":29},"end":{"line":13,"column":30}},"loc":{"start":{"line":13,"column":77},"end":{"line":55,"column":1}}},"1":{"name":"(anonymous_1)","decl":{"start":{"line":14,"column":44},"end":{"line":14,"column":47}},"loc":{"start":{"line":14,"column":49},"end":{"line":17,"column":3}}},"2":{"name":"(anonymous_2)","decl":{"start":{"line":21,"column":12},"end":{"line":21,"column":15}},"loc":{"start":{"line":21,"column":17},"end":{"line":48,"column":3}}},"3":{"name":"(anonymous_3)","decl":{"start":{"line":24,"column":23},"end":{"line":24,"column":26}},"loc":{"start":{"line":24,"column":28},"end":{"line":37,"column":5}}},"4":{"name":"(anonymous_4)","decl":{"start":{"line":44,"column":22},"end":{"line":44,"column":25}},"loc":{"start":{"line":44,"column":28},"end":{"line":44,"column":40}}},"5":{"name":"(anonymous_5)","decl":{"start":{"line":46,"column":13},"end":{"line":46,"column":16}},"loc":{"start":{"line":46,"column":19},"end":{"line":46,"column":68}}},"6":{"name":"(anonymous_6)","decl":{"start":{"line":57,"column":24},"end":{"line":57,"column":27}},"loc":{"start":{"line":57,"column":29},"end":{"line":63,"column":1}}}},"branchMap":{"0":{"loc":{"start":{"line":16,"column":11},"end":{"line":16,"column":28}},"type":"binary-expr","locations":[{"start":{"line":16,"column":11},"end":{"line":16,"column":16}},{"start":{"line":16,"column":20},"end":{"line":16,"column":28}}]},"1":{"loc":{"start":{"line":25,"column":6},"end":{"line":36,"column":7}},"type":"if","locations":[{"start":{"line":25,"column":6},"end":{"line":36,"column":7}},{"start":{"line":32,"column":13},"end":{"line":36,"column":7}}]},"2":{"loc":{"start":{"line":26,"column":28},"end":{"line":28,"column":19}},"type":"cond-expr","locations":[{"start":{"line":27,"column":12},"end":{"line":27,"column":18}},{"start":{"line":28,"column":12},"end":{"line":28,"column":19}}]},"3":{"loc":{"start":{"line":42,"column":4},"end":{"line":47,"column":5}},"type":"if","locations":[{"start":{"line":42,"column":4},"end":{"line":47,"column":5}},{"start":{},"end":{}}]},"4":{"loc":{"start":{"line":59,"column":2},"end":{"line":61,"column":3}},"type":"if","locations":[{"start":{"line":59,"column":2},"end":{"line":61,"column":3}},{"start":{},"end":{}}]}},"s":{"0":1,"1":1,"2":1,"3":2,"4":2,"5":2,"6":2,"7":2,"8":2,"9":2,"10":2,"11":2,"12":2,"13":2,"14":2,"15":0,"16":0,"17":0,"18":2,"19":2,"20":2,"21":2,"22":2,"23":0,"24":2,"25":2,"26":2,"27":2,"28":1,"29":1,"30":2,"31":2,"32":0,"33":2,"34":1},"f":{"0":2,"1":2,"2":2,"3":2,"4":0,"5":2,"6":2},"b":{"0":[2,1],"1":[2,0],"2":[0,2],"3":[2,0],"4":[0,2]}}
,"/Users/mavrickduchamp/programming/chat-dualingo/lexeme-practice/src/lib/utils.ts": {"path":"/Users/mavrickduchamp/programming/chat-dualingo/lexeme-practice/src/lib/utils.ts","statementMap":{"0":{"start":{"line":1,"column":0},"end":{"line":1,"column":45}},"1":{"start":{"line":2,"column":0},"end":{"line":2,"column":41}},"2":{"start":{"line":4,"column":18},"end":{"line":6,"column":1}},"3":{"start":{"line":5,"column":2},"end":{"line":5,"column":31}},"4":{"start":{"line":4,"column":13},"end":{"line":4,"column":18}}},"fnMap":{"0":{"name":"(anonymous_0)","decl":{"start":{"line":4,"column":18},"end":{"line":4,"column":19}},"loc":{"start":{"line":4,"column":46},"end":{"line":6,"column":1}}}},"branchMap":{},"s":{"0":2,"1":2,"2":2,"3":9,"4":2},"f":{"0":9},"b":{}}
}
