TN:
SF:src/test-utils.tsx
FN:5,(anonymous_5)
FN:13,(anonymous_6)
FNF:2
FNH:2
FNDA:2,(anonymous_5)
FNDA:2,(anonymous_6)
DA:1,1
DA:2,1
DA:3,1
DA:5,1
DA:6,2
DA:13,1
DA:16,2
DA:18,1
DA:19,1
LF:9
LH:9
BRF:0
BRH:0
end_of_record
TN:
SF:src/components/Layout.tsx
FN:9,(anonymous_0)
FNF:1
FNH:1
FNDA:2,(anonymous_0)
DA:2,1
DA:3,1
DA:9,1
DA:10,2
LF:4
LH:4
BRF:0
BRH:0
end_of_record
TN:
SF:src/components/ThemeToggle.tsx
FN:11,(anonymous_0)
FN:23,(anonymous_1)
FN:27,(anonymous_2)
FN:31,(anonymous_3)
FNF:4
FNH:1
FNDA:2,(anonymous_0)
FNDA:0,(anonymous_1)
FNDA:0,(anonymous_2)
FNDA:0,(anonymous_3)
DA:1,1
DA:2,1
DA:3,1
DA:9,1
DA:11,1
DA:12,2
DA:14,2
DA:23,0
DA:27,0
DA:31,0
LF:10
LH:7
BRDA:18,0,0,0
BRDA:18,0,1,2
BRF:2
BRH:1
end_of_record
TN:
SF:src/components/ui/button.tsx
FN:35,(anonymous_10)
FNF:1
FNH:1
FNDA:7,(anonymous_10)
DA:1,2
DA:2,2
DA:3,2
DA:5,2
DA:7,2
DA:35,2
DA:39,7
DA:40,7
DA:45,7
DA:47,7
DA:56,2
LF:11
LH:11
BRDA:39,0,0,7
BRDA:45,1,0,0
BRDA:45,1,1,7
BRF:3
BRH:2
end_of_record
TN:
SF:src/components/ui/dropdown-menu.tsx
FN:24,(anonymous_10)
FN:43,(anonymous_11)
FN:58,(anonymous_12)
FN:78,(anonymous_13)
FN:94,(anonymous_14)
FN:117,(anonymous_15)
FN:141,(anonymous_16)
FN:153,(anonymous_17)
FN:162,(anonymous_18)
FNF:9
FNH:1
FNDA:0,(anonymous_10)
FNDA:0,(anonymous_11)
FNDA:2,(anonymous_12)
FNDA:0,(anonymous_13)
FNDA:0,(anonymous_14)
FNDA:0,(anonymous_15)
FNDA:0,(anonymous_16)
FNDA:0,(anonymous_17)
FNDA:0,(anonymous_18)
DA:1,1
DA:2,1
DA:3,1
DA:5,1
DA:7,1
DA:9,1
DA:11,1
DA:13,1
DA:15,1
DA:17,1
DA:19,1
DA:24,0
DA:38,1
DA:40,1
DA:43,0
DA:53,1
DA:55,1
DA:58,2
DA:71,1
DA:73,1
DA:78,0
DA:89,1
DA:91,1
DA:94,0
DA:112,1
DA:114,1
DA:117,0
DA:134,1
DA:136,1
DA:141,0
DA:148,1
DA:150,1
DA:153,0
DA:160,1
DA:162,1
DA:163,0
DA:167,1
DA:170,1
DA:171,1
DA:172,1
DA:173,1
DA:174,1
DA:175,1
DA:176,1
DA:177,1
DA:178,1
DA:179,1
DA:180,1
DA:181,1
DA:182,1
DA:183,1
DA:184,1
LF:52
LH:44
BRDA:29,0,0,0
BRDA:29,0,1,0
BRDA:58,1,0,2
BRDA:83,2,0,0
BRDA:83,2,1,0
BRDA:144,3,0,0
BRDA:144,3,1,0
BRF:7
BRH:1
end_of_record
TN:
SF:src/contexts/ThemeContext.tsx
FN:13,(anonymous_0)
FN:14,(anonymous_1)
FN:21,(anonymous_2)
FN:24,(anonymous_3)
FN:44,(anonymous_4)
FN:46,(anonymous_5)
FN:57,(anonymous_6)
FNF:7
FNH:6
FNDA:2,(anonymous_0)
FNDA:2,(anonymous_1)
FNDA:2,(anonymous_2)
FNDA:2,(anonymous_3)
FNDA:0,(anonymous_4)
FNDA:2,(anonymous_5)
FNDA:2,(anonymous_6)
DA:1,1
DA:11,1
DA:13,1
DA:14,2
DA:15,2
DA:16,2
DA:19,2
DA:21,2
DA:22,2
DA:24,2
DA:25,2
DA:26,2
DA:29,2
DA:30,2
DA:31,2
DA:33,0
DA:34,0
DA:35,0
DA:39,2
DA:40,2
DA:42,2
DA:43,2
DA:44,2
DA:45,2
DA:46,2
DA:50,2
DA:57,1
DA:58,2
DA:59,2
DA:60,0
DA:62,2
LF:31
LH:27
BRDA:16,0,0,2
BRDA:16,0,1,1
BRDA:25,1,0,2
BRDA:25,1,1,0
BRDA:26,2,0,0
BRDA:26,2,1,2
BRDA:42,3,0,2
BRDA:42,3,1,0
BRDA:59,4,0,0
BRDA:59,4,1,2
BRF:10
BRH:6
end_of_record
TN:
SF:src/lib/utils.ts
FN:4,(anonymous_0)
FNF:1
FNH:1
FNDA:9,(anonymous_0)
DA:1,2
DA:2,2
DA:4,2
DA:5,9
LF:4
LH:4
BRF:0
BRH:0
end_of_record
